2024-09-11 22:20:50,229 - INFO - [31m[1mWARNING: This is a development server. Do not use it in a production deployment. Use a production WSGI server instead.[0m
 * Running on all addresses (0.0.0.0)
 * Running on http://127.0.0.1:5000
 * Running on http://192.168.1.79:5000
2024-09-11 22:20:50,229 - INFO - [33mPress CTRL+C to quit[0m
2024-09-11 22:20:50,231 - INFO -  * Restarting with stat
2024-09-11 22:20:50,538 - WARNING -  * Debugger is active!
2024-09-11 22:20:50,540 - INFO -  * Debugger PIN: 888-599-118
2024-09-11 22:20:53,273 - INFO - Total entries collected: 1766
2024-09-11 22:20:53,307 - INFO - Processing completed, retaining original data structure.
2024-09-11 22:20:53,332 - INFO - Validating data...
2024-09-11 22:20:53,332 - ERROR - Data Type Error in Column: lesseesTitle | GUID: 5a2aac77-b22e-4e92-ada7-6a6e482867b4 | Row: 4 | Value: 01.12.2009 | Issue: Pattern Mismatch
2024-09-11 22:20:53,333 - ERROR - Data Type Error in Column: lesseesTitle | GUID: 314c5bdd-f202-4c8c-a917-df6c27d77efa | Row: 150 | Value: EGL569610 999 years from | Issue: Pattern Mismatch
2024-09-11 22:20:53,333 - ERROR - Data Type Error in Column: lesseesTitle | GUID: 7ea33d15-95eb-42bd-a710-1d97592ff845 | Row: 199 | Value: EGL571099 999 years from | Issue: Pattern Mismatch
2024-09-11 22:20:53,333 - ERROR - Data Type Error in Column: lesseesTitle | GUID: ec2b2401-3c5e-4605-8fe8-346277c57960 | Row: 208 | Value: EGL571566 999 years from | Issue: Pattern Mismatch
2024-09-11 22:20:53,333 - ERROR - Data Type Error in Column: lesseesTitle | GUID: 0ede8b4a-4914-4b9c-bb90-456f6f39c40f | Row: 297 | Value: EGL576442 999 years from | Issue: Pattern Mismatch
2024-09-11 22:20:53,334 - ERROR - Data Type Error in Column: lesseesTitle | GUID: 8b7cbf28-0eec-4ae2-b937-bfe71c0b994c | Row: 516 | Value: AGL225090 999 years from | Issue: Pattern Mismatch
2024-09-11 22:20:53,335 - ERROR - Data Type Error in Column: lesseesTitle | GUID: 0714f4f7-7599-4366-b89c-6172653bdbe8 | Row: 776 | Value: AGL245854 999 years from | Issue: Pattern Mismatch
2024-09-11 22:20:53,336 - ERROR - Data Type Error in Column: registrationDateAndPlanRef | GUID: 09fd65b4-8875-4388-a1da-1ec2ba3f622b | Row: 3 | Value: ITEM CANCELLED on 14 February 2019. | Issue: Does not contain a valid date
2024-09-11 22:20:53,336 - ERROR - Data Type Error in Column: registrationDateAndPlanRef | GUID: 356bc96e-45e8-43c9-8e1d-f1071589efe9 | Row: 4 | Value: ITEM CANCELLED on 22 March 2018. | Issue: Does not contain a valid date
2024-09-11 22:20:53,336 - ERROR - Data Type Error in Column: registrationDateAndPlanRef | GUID: 0e4f8651-e9c0-4971-a921-1408543256b4 | Row: 5 | Value: ITEM CANCELLED on 6 August 2019. | Issue: Does not contain a valid date
2024-09-11 22:20:53,336 - ERROR - Data Type Error in Column: registrationDateAndPlanRef | GUID: 606c7580-c364-457c-8478-349bdc7e0168 | Row: 9 | Value: ITEM CANCELLED on 29 July 2019. | Issue: Does not contain a valid date
2024-09-11 22:20:53,336 - ERROR - Data Type Error in Column: registrationDateAndPlanRef | GUID: f7947104-000a-4587-a07e-d4f6d97e5a10 | Row: 10 | Value: ITEM CANCELLED on 11 September 2018. | Issue: Does not contain a valid date
2024-09-11 22:20:53,336 - ERROR - Data Type Error in Column: registrationDateAndPlanRef | GUID: 42e1eade-f78a-4d98-9e15-78637d0f1b32 | Row: 11 | Value: ITEM CANCELLED on 11 September 2018. | Issue: Does not contain a valid date
2024-09-11 22:20:53,336 - ERROR - Data Type Error in Column: registrationDateAndPlanRef | GUID: 56e45ca9-7135-4bca-aa4b-28075db9a076 | Row: 15 | Value: ITEM CANCELLED on 12 February 2019. | Issue: Does not contain a valid date
2024-09-11 22:20:53,336 - ERROR - Data Type Error in Column: registrationDateAndPlanRef | GUID: 08be021e-44ad-4320-b0de-08ee4e362eca | Row: 21 | Value: ITEM CANCELLED on 22 February 2019. | Issue: Does not contain a valid date
2024-09-11 22:20:53,336 - ERROR - Data Type Error in Column: registrationDateAndPlanRef | GUID: dc4deabb-cf88-49b6-860e-cad7dea4b737 | Row: 28 | Value: ITEM CANCELLED on 16 May 2019. | Issue: Does not contain a valid date
2024-09-11 22:20:53,336 - ERROR - Data Type Error in Column: registrationDateAndPlanRef | GUID: ec6b40db-b98f-4bbc-ad20-37d053a049e9 | Row: 32 | Value: ITEM CANCELLED on 6 August 2019. | Issue: Does not contain a valid date
2024-09-11 22:20:53,336 - ERROR - Data Type Error in Column: registrationDateAndPlanRef | GUID: 4f714812-ee5a-4299-80d0-6d99cfec2753 | Row: 40 | Value: ITEM CANCELLED on 20 September 2019. | Issue: Does not contain a valid date
2024-09-11 22:20:53,336 - ERROR - Data Type Error in Column: registrationDateAndPlanRef | GUID: 61c468cb-2093-44ed-b0b6-0b44e05bd6c9 | Row: 43 | Value: ITEM CANCELLED on 11 July 2019. | Issue: Does not contain a valid date
2024-09-11 22:20:53,336 - ERROR - Data Type Error in Column: registrationDateAndPlanRef | GUID: 772d1eca-e735-40be-94d4-d86056eeb242 | Row: 48 | Value: ITEM CANCELLED on 11 October 2018. | Issue: Does not contain a valid date
2024-09-11 22:20:53,337 - ERROR - Data Type Error in Column: registrationDateAndPlanRef | GUID: bdfd604e-05b7-42a4-a78e-3e51bde3d06b | Row: 54 | Value: ITEM CANCELLED on 22 October 2018. | Issue: Does not contain a valid date
2024-09-11 22:20:53,337 - ERROR - Data Type Error in Column: registrationDateAndPlanRef | GUID: 4aa6bdd6-bc96-412d-9bf5-eb6c4c6d2864 | Row: 77 | Value: ITEM CANCELLED on 21 February 2019. | Issue: Does not contain a valid date
2024-09-11 22:20:53,337 - ERROR - Data Type Error in Column: registrationDateAndPlanRef | GUID: 1d798534-9104-4c2b-b943-a58fa7f4fa5c | Row: 83 | Value: ITEM CANCELLED on 20 August 2019. | Issue: Does not contain a valid date
2024-09-11 22:20:53,337 - ERROR - Data Type Error in Column: registrationDateAndPlanRef | GUID: 2e1ba356-9fc5-4413-8983-cfede3af6db5 | Row: 102 | Value: ITEM CANCELLED on 22 July 2019. | Issue: Does not contain a valid date
2024-09-11 22:20:53,337 - ERROR - Data Type Error in Column: registrationDateAndPlanRef | GUID: 1b226f36-24fd-4646-b200-0bab29e95629 | Row: 164 | Value: ITEM CANCELLED on 3 September 2018. | Issue: Does not contain a valid date
2024-09-11 22:20:53,337 - ERROR - Data Type Error in Column: registrationDateAndPlanRef | GUID: b94022e5-5c0e-40ed-bfb8-6dd7abe7ae58 | Row: 165 | Value: ITEM CANCELLED on 3 September 2018. | Issue: Does not contain a valid date
2024-09-11 22:20:53,337 - ERROR - Data Type Error in Column: registrationDateAndPlanRef | GUID: 2e3cb911-0309-44fb-b5ec-4ad73661fe90 | Row: 166 | Value: ITEM CANCELLED on 3 September 2018. | Issue: Does not contain a valid date
2024-09-11 22:20:53,337 - ERROR - Data Type Error in Column: registrationDateAndPlanRef | GUID: 50955b22-7271-4eb8-951f-e92c580f09ca | Row: 167 | Value: ITEM CANCELLED on 3 September 2018. | Issue: Does not contain a valid date
2024-09-11 22:20:53,337 - ERROR - Data Type Error in Column: registrationDateAndPlanRef | GUID: ba950c60-2c28-4ca1-9ce6-b3cdd7c7fa49 | Row: 168 | Value: ITEM CANCELLED on 3 September 2018. | Issue: Does not contain a valid date
2024-09-11 22:20:53,337 - ERROR - Data Type Error in Column: registrationDateAndPlanRef | GUID: b6a706c7-6d8c-41de-a32d-914a930ba3c4 | Row: 169 | Value: ITEM CANCELLED on 3 September 2018. | Issue: Does not contain a valid date
2024-09-11 22:20:53,337 - ERROR - Data Type Error in Column: registrationDateAndPlanRef | GUID: 3e7d6f84-8bc9-4a79-8833-bd3d324dd3e0 | Row: 170 | Value: ENTRY CANCELLED on 5 February 2019. | Issue: Does not contain a valid date
2024-09-11 22:20:53,337 - ERROR - Data Type Error in Column: registrationDateAndPlanRef | GUID: a91a1cbd-352e-424e-bb87-8b0c5723a3ec | Row: 171 | Value: ENTRY CANCELLED on 5 February 2019. | Issue: Does not contain a valid date
2024-09-11 22:20:53,337 - ERROR - Data Type Error in Column: registrationDateAndPlanRef | GUID: 8e0b3beb-19a0-4d5a-9cd0-cb38d2f8e419 | Row: 172 | Value: ENTRY CANCELLED on 5 February 2019. | Issue: Does not contain a valid date
2024-09-11 22:20:53,337 - ERROR - Data Type Error in Column: registrationDateAndPlanRef | GUID: 64d023d8-8abc-468b-abfd-0d341c02efa3 | Row: 173 | Value: ENTRY CANCELLED on 5 February 2019. | Issue: Does not contain a valid date
2024-09-11 22:20:53,337 - ERROR - Data Type Error in Column: registrationDateAndPlanRef | GUID: 1f03947a-8e5a-410f-920b-d2b54c2c8b49 | Row: 174 | Value: ENTRY CANCELLED on 5 February 2019. | Issue: Does not contain a valid date
2024-09-11 22:20:53,337 - ERROR - Data Type Error in Column: registrationDateAndPlanRef | GUID: 834570d5-d3c3-41b9-b068-7de17dfd3794 | Row: 175 | Value: ENTRY CANCELLED on 5 February 2019. | Issue: Does not contain a valid date
2024-09-11 22:20:53,338 - ERROR - Data Type Error in Column: registrationDateAndPlanRef | GUID: 82eae773-67c9-416a-b5a7-36f60b90516f | Row: 2 | Value: The Arena, Phoenix Way Edged and numbered 6 in brown (part of) | Issue: Does not contain a valid date
2024-09-11 22:20:53,338 - ERROR - Data Type Error in Column: lesseesTitle | GUID: 9f1fa974-9057-4f5c-a02f-9d166ad0fb69 | Row: 0 | Value: WM882649. | Issue: Pattern Mismatch
2024-09-11 22:20:53,338 - ERROR - Data Type Error in Column: registrationDateAndPlanRef | GUID: 36e15ce2-386f-409d-a444-08f31afc29f4 | Row: 0 | Value: 32a Town Centre, Hatfield numbered 1 in brown (part of) | Issue: Does not contain a valid date
2024-09-11 22:20:53,338 - ERROR - Data Type Error in Column: registrationDateAndPlanRef | GUID: 2b0c6d40-0778-4b40-8181-7938358c1808 | Row: 1 | Value: 30a Town Centre, Hatfield numbered 2 in brown (part of) | Issue: Does not contain a valid date
2024-09-11 22:20:53,339 - ERROR - Data Type Error in Column: registrationDateAndPlanRef | GUID: 7d828282-2894-4794-9eb2-237858870005 | Row: 2 | Value: 36a Town Centre, Hatfield numbered 3 in brown (part of) | Issue: Does not contain a valid date
2024-09-11 22:20:53,339 - ERROR - Data Type Error in Column: lesseesTitle | GUID: fc8c0b2f-5de3-4681-8561-43ade7539134 | Row: 0 | Value: TGL229459 lcony | Issue: Pattern Mismatch
2024-09-11 22:20:53,339 - ERROR - Data Type Error in Column: lesseesTitle | GUID: 9d7cdfeb-2d81-4a8c-8da0-16d58060a2df | Row: 1 | Value: TGL230021 lcony | Issue: Pattern Mismatch
2024-09-11 22:20:53,339 - ERROR - Data Type Error in Column: lesseesTitle | GUID: 1cf4467e-ef3a-4707-a98e-d319e0b08853 | Row: 2 | Value: TGL230931 lcony | Issue: Pattern Mismatch
2024-09-11 22:20:53,339 - ERROR - Data Type Error in Column: lesseesTitle | GUID: ff748c33-dbfc-4d44-b244-735c11d3a1e8 | Row: 3 | Value: TGL234534 lcony | Issue: Pattern Mismatch
2024-09-11 22:20:53,339 - ERROR - Data Type Error in Column: registrationDateAndPlanRef | GUID: 94b403a6-7619-4d13-9050-ac0468d2a748 | Row: 7 | Value: ITEM CANCELLED on 10 June 2015. | Issue: Does not contain a valid date
2024-09-11 22:20:53,339 - ERROR - Data Type Error in Column: registrationDateAndPlanRef | GUID: 1e87e85a-6315-42fe-9df6-eda792d5ab1c | Row: 8 | Value: ITEM CANCELLED on 13 July 2015. | Issue: Does not contain a valid date
2024-09-11 22:20:53,339 - ERROR - Data Type Error in Column: registrationDateAndPlanRef | GUID: 74c723f3-de65-414c-aa0c-662a2c7c113c | Row: 9 | Value: ITEM CANCELLED on 23 March 2015. | Issue: Does not contain a valid date
2024-09-11 22:20:53,339 - ERROR - Data Type Error in Column: registrationDateAndPlanRef | GUID: 315f0e11-9ec2-437b-993b-157b8a3295e4 | Row: 10 | Value: ITEM CANCELLED on 27 January 2015. | Issue: Does not contain a valid date
2024-09-11 22:20:53,339 - ERROR - Data Type Error in Column: registrationDateAndPlanRef | GUID: 351692a2-de64-4567-b08b-f05a35b73384 | Row: 11 | Value: ITEM CANCELLED on 27 January 2015. | Issue: Does not contain a valid date
2024-09-11 22:20:53,339 - ERROR - Data Type Error in Column: registrationDateAndPlanRef | GUID: ef2b3a17-db00-40cb-8dde-940d5e2787f9 | Row: 12 | Value: ITEM CANCELLED on 10 June 2015. | Issue: Does not contain a valid date
2024-09-11 22:20:53,339 - ERROR - Data Type Error in Column: registrationDateAndPlanRef | GUID: aaa7a881-4adc-4f06-87a3-5fb8aebc98b0 | Row: 13 | Value: ITEM CANCELLED on 10 June 2015. | Issue: Does not contain a valid date
2024-09-11 22:20:53,339 - ERROR - Data Type Error in Column: registrationDateAndPlanRef | GUID: 2433ee25-4424-4384-a27b-3d362beffbb9 | Row: 14 | Value: ITEM CANCELLED on 13 July 2015. | Issue: Does not contain a valid date
2024-09-11 22:20:53,339 - ERROR - Data Type Error in Column: registrationDateAndPlanRef | GUID: 7fb3a95f-6ea9-42ae-bb89-448130262e5b | Row: 15 | Value: ITEM CANCELLED on 7 October 2015. | Issue: Does not contain a valid date
2024-09-11 22:20:53,339 - ERROR - Data Type Error in Column: registrationDateAndPlanRef | GUID: f0e02410-923b-43de-b575-e16367be93c5 | Row: 16 | Value: ITEM CANCELLED on 7 October 2015. | Issue: Does not contain a valid date
2024-09-11 22:20:53,339 - ERROR - Data Type Error in Column: registrationDateAndPlanRef | GUID: 59caf3cf-1556-4269-839c-dffdde74db54 | Row: 17 | Value: ITEM CANCELLED on 28 April 2016. | Issue: Does not contain a valid date
2024-09-11 22:20:53,340 - ERROR - Data Type Error in Column: registrationDateAndPlanRef | GUID: 72853feb-f75b-4114-a142-abac49d98d7c | Row: 18 | Value: ITEM CANCELLED on 28 April 2016. | Issue: Does not contain a valid date
2024-09-11 22:20:53,340 - ERROR - Data Type Error in Column: registrationDateAndPlanRef | GUID: b091af0c-75b1-4a87-8f22-6d84737311f6 | Row: 19 | Value: ITEM CANCELLED on 28 April 2016. | Issue: Does not contain a valid date
2024-09-11 22:20:53,340 - ERROR - Data Type Error in Column: registrationDateAndPlanRef | GUID: 2628972f-d589-406f-9a8d-ca978a1eba20 | Row: 20 | Value: ITEM CANCELLED on 10 January 2018. | Issue: Does not contain a valid date
2024-09-11 22:20:53,340 - ERROR - Data Type Error in Column: registrationDateAndPlanRef | GUID: 880e9a11-c4d5-4feb-a9a6-21ef24cbb316 | Row: 21 | Value: ITEM CANCELLED on 10 January 2018. | Issue: Does not contain a valid date
2024-09-11 22:20:53,341 - ERROR - Data Type Error in Column: registrationDateAndPlanRef | GUID: 99551573-4f38-4650-86e2-0e93afce0e05 | Row: 22 | Value: ITEM CANCELLED on 10 January 2018. | Issue: Does not contain a valid date
2024-09-11 22:20:53,341 - ERROR - Data Type Error in Column: registrationDateAndPlanRef | GUID: afa0247e-195b-412c-bbb5-78c124e82f15 | Row: 23 | Value: ITEM CANCELLED on 10 January 2018. | Issue: Does not contain a valid date
2024-09-11 22:20:53,341 - ERROR - Data Type Error in Column: registrationDateAndPlanRef | GUID: 0ca78a9c-47dd-4e49-8fed-7b8a2383c6ee | Row: 24 | Value: ITEM CANCELLED on 10 January 2018. | Issue: Does not contain a valid date
2024-09-11 22:20:53,341 - ERROR - Data Type Error in Column: registrationDateAndPlanRef | GUID: c24234d9-b6c6-4139-9fc7-04cb46a8d6db | Row: 25 | Value: ITEM CANCELLED on 10 January 2018. | Issue: Does not contain a valid date
2024-09-11 22:20:53,341 - ERROR - Data Type Error in Column: registrationDateAndPlanRef | GUID: 5dde228f-64c4-4242-afaa-5f3f15b5b0a6 | Row: 26 | Value: ITEM CANCELLED on 10 January 2018. | Issue: Does not contain a valid date
2024-09-11 22:20:53,341 - ERROR - Data Type Error in Column: registrationDateAndPlanRef | GUID: f7926b5c-5840-4f76-a015-f44969f4812a | Row: 27 | Value: ITEM CANCELLED on 10 January 2018. | Issue: Does not contain a valid date
2024-09-11 22:20:53,341 - ERROR - Data Type Error in Column: registrationDateAndPlanRef | GUID: 117d48c6-a0ce-4e9a-a391-827672dda5b5 | Row: 28 | Value: ITEM CANCELLED on 10 January 2018. | Issue: Does not contain a valid date
2024-09-11 22:20:53,342 - ERROR - Data Type Error in Column: registrationDateAndPlanRef | GUID: ff938a80-9232-404a-b74c-32c1b9870f2e | Row: 29 | Value: ITEM CANCELLED on 10 January 2018. | Issue: Does not contain a valid date
2024-09-11 22:20:53,342 - ERROR - Data Type Error in Column: registrationDateAndPlanRef | GUID: 9da2767e-9b1f-4503-b478-b44ec8ca1e61 | Row: 30 | Value: ITEM CANCELLED on 10 January 2018. | Issue: Does not contain a valid date
2024-09-11 22:20:53,342 - ERROR - Data Type Error in Column: registrationDateAndPlanRef | GUID: 3757a97b-2af0-4ef9-a966-c825fce8adfd | Row: 31 | Value: ITEM CANCELLED on 10 January 2018. | Issue: Does not contain a valid date
2024-09-11 22:20:53,342 - ERROR - Data Type Error in Column: registrationDateAndPlanRef | GUID: dfeb70e2-c97f-433a-ab69-5dfe9731fe04 | Row: 32 | Value: ITEM CANCELLED on 10 January 2018. | Issue: Does not contain a valid date
2024-09-11 22:20:53,342 - ERROR - Data Type Error in Column: registrationDateAndPlanRef | GUID: b2e3825a-73d6-415a-ae2e-def138a019c7 | Row: 33 | Value: ITEM CANCELLED on 10 January 2018. | Issue: Does not contain a valid date
2024-09-11 22:20:53,342 - ERROR - Data Type Error in Column: registrationDateAndPlanRef | GUID: f88d679c-beca-4ae3-a2b6-f4edf3f3294d | Row: 34 | Value: ITEM CANCELLED on 10 January 2018. | Issue: Does not contain a valid date
2024-09-11 22:20:53,342 - ERROR - Data Type Error in Column: registrationDateAndPlanRef | GUID: b6bb4d0a-5b4b-48b3-bb7d-cf6cfac841bb | Row: 35 | Value: ITEM CANCELLED on 10 January 2018. | Issue: Does not contain a valid date
2024-09-11 22:20:53,342 - ERROR - Data Type Error in Column: registrationDateAndPlanRef | GUID: ea355765-5c51-4869-91c5-4f8ac24dbe7a | Row: 36 | Value: ITEM CANCELLED on 10 January 2018. | Issue: Does not contain a valid date
2024-09-11 22:20:53,342 - ERROR - Data Type Error in Column: registrationDateAndPlanRef | GUID: 7e60f48b-0300-4de8-a102-b67ffff05a0b | Row: 37 | Value: ITEM CANCELLED on 10 January 2018. | Issue: Does not contain a valid date
2024-09-11 22:20:53,342 - ERROR - Data Type Error in Column: registrationDateAndPlanRef | GUID: 93a7af49-c74d-46aa-b330-6b0f40a550b6 | Row: 38 | Value: ITEM CANCELLED on 29 July 2016. | Issue: Does not contain a valid date
2024-09-11 22:20:53,342 - ERROR - Data Type Error in Column: registrationDateAndPlanRef | GUID: 7f0ca119-66ed-404c-bf20-04c6e3ba93d7 | Row: 39 | Value: ITEM CANCELLED on 29 July 2016. | Issue: Does not contain a valid date
2024-09-11 22:20:53,342 - ERROR - Data Type Error in Column: registrationDateAndPlanRef | GUID: 28439058-6e48-4e40-be9a-acad6e3b3a6f | Row: 41 | Value: ITEM CANCELLED on 4 April 2018. | Issue: Does not contain a valid date
2024-09-11 22:20:53,342 - ERROR - Data Type Error in Column: registrationDateAndPlanRef | GUID: 05968592-37d6-4008-8978-6d0cdfe5ec6e | Row: 42 | Value: ITEM CANCELLED on 4 April 2018. | Issue: Does not contain a valid date
2024-09-11 22:20:53,342 - ERROR - Data Type Error in Column: registrationDateAndPlanRef | GUID: ea3a4049-60b2-44e0-9d25-8cf1cc1c8326 | Row: 43 | Value: ITEM CANCELLED on 4 April 2018. | Issue: Does not contain a valid date
2024-09-11 22:20:53,342 - ERROR - Data Type Error in Column: registrationDateAndPlanRef | GUID: e8075a83-69fe-496c-9f9b-5b1512203398 | Row: 44 | Value: ITEM CANCELLED on 4 April 2018. | Issue: Does not contain a valid date
2024-09-11 22:20:53,342 - ERROR - Data Type Error in Column: registrationDateAndPlanRef | GUID: 18bded58-6ce6-4bd9-9c3c-05a136c2d725 | Row: 45 | Value: ITEM CANCELLED on 4 April 2018. | Issue: Does not contain a valid date
2024-09-11 22:20:53,342 - ERROR - Data Type Error in Column: registrationDateAndPlanRef | GUID: ed868ae6-5379-4f8a-874d-6dd8eb1a7f04 | Row: 46 | Value: ITEM CANCELLED on 4 April 2018. | Issue: Does not contain a valid date
2024-09-11 22:20:53,342 - ERROR - Data Type Error in Column: registrationDateAndPlanRef | GUID: 5df32ea4-8158-48cf-8a94-c21d8255e77a | Row: 2 | Value: Low Voltage Electricity Distribution System | Issue: Does not contain a valid date
2024-09-11 22:20:53,343 - ERROR - Data Type Error in Column: lesseesTitle | GUID: 27860456-d802-438b-bf5a-ee419d89e315 | Row: 68 | Value: 14.08.2014 | Issue: Pattern Mismatch
2024-09-11 22:20:53,343 - ERROR - Data Type Error in Column: registrationDateAndPlanRef | GUID: cd03210a-50f2-4be8-bc3b-2bbe86704a25 | Row: 1 | Value: Industrial Dwellings Grotto 3 | Issue: Does not contain a valid date
2024-09-11 22:20:53,343 - ERROR - Data Type Error in Column: registrationDateAndPlanRef | GUID: d3c316fe-2f06-4d08-a49e-075cef89fd61 | Row: 2 | Value: Industrial Dwellings Grotto 4, 5 and 6 Buildings and Ashland Place | Issue: Does not contain a valid date
2024-09-11 22:20:53,343 - ERROR - Data Type Error in Column: registrationDateAndPlanRef | GUID: 62b5d98a-05fe-4144-b1bb-3d0621299e3d | Row: 3 | Value: 14 Ossington Buildings 8 | Issue: Does not contain a valid date
2024-09-11 22:20:53,343 - ERROR - Data Type Error in Column: registrationDateAndPlanRef | GUID: b3a12cf9-b749-49f7-bde0-62a639afa1b8 | Row: 4 | Value: 2 and 4 Moxon Street 9 | Issue: Does not contain a valid date
2024-09-11 22:20:53,343 - ERROR - Data Type Error in Column: registrationDateAndPlanRef | GUID: e92695ad-88e3-46cf-b1fa-9bb0a6026c68 | Row: 5 | Value: 16, 18 and 20 Moxon Street 11 | Issue: Does not contain a valid date
2024-09-11 22:20:53,343 - ERROR - Data Type Error in Column: registrationDateAndPlanRef | GUID: de1686ed-1151-4bb8-83bb-e14ca858bdcf | Row: 6 | Value: 8 Garbutt Place 13 | Issue: Does not contain a valid date
2024-09-11 22:20:53,343 - ERROR - Data Type Error in Column: registrationDateAndPlanRef | GUID: 81ae361f-6a33-4dc7-84cd-d9872fbe55a8 | Row: 7 | Value: 9 Garbutt Place 14 Lease for 82 1/4 years from | Issue: Does not contain a valid date
2024-09-11 22:20:53,343 - ERROR - Data Type Error in Column: registrationDateAndPlanRef | GUID: 19406ddf-2f1d-40bd-848b-cee54435d5f1 | Row: 8 | Value: 10 and 11 Garbutt Place 15 | Issue: Does not contain a valid date
2024-09-11 22:20:53,343 - ERROR - Data Type Error in Column: registrationDateAndPlanRef | GUID: b5679d45-3e3b-4af6-aa20-54ebc7f6a3eb | Row: 9 | Value: 2a Ashland Place 16 Lease for 80 years from | Issue: Does not contain a valid date
2024-09-11 22:20:53,343 - ERROR - Data Type Error in Column: registrationDateAndPlanRef | GUID: 44cebc8b-8901-4b1f-b7ef-2750c11c3230 | Row: 1 | Value: Telephone Exchange tinted pink | Issue: Does not contain a valid date
2024-09-11 22:20:53,343 - ERROR - Data Type Error in Column: registrationDateAndPlanRef | GUID: ac219e50-21cf-41e3-b2af-348de65fb02b | Row: 0 | Value: An Electricity Sub-Station Edged and numbered 1 in blue | Issue: Does not contain a valid date
2024-09-11 22:20:53,343 - ERROR - Data Type Error in Column: registrationDateAndPlanRef | GUID: 4b102951-7d83-4275-b540-cb25f56559a7 | Row: 1 | Value: An Electricity Sub-Station Edged and numbered 2 in blue | Issue: Does not contain a valid date
2024-09-11 22:20:53,343 - ERROR - Data Type Error in Column: registrationDateAndPlanRef | GUID: 29b44d38-6c10-4858-9481-ec448ba800ff | Row: 2 | Value: Parts of The Royal Free Edged and numbered 4 in blue (part of) | Issue: Does not contain a valid date
2024-09-11 22:20:53,343 - ERROR - Data Type Error in Column: registrationDateAndPlanRef | GUID: eecff152-b29a-4b1a-8438-99db92e0cc9b | Row: 3 | Value: Gas Governor and Connecting Edged and numbered 3 in blue | Issue: Does not contain a valid date
2024-09-11 22:20:53,343 - ERROR - Data Type Error in Column: lesseesTitle | GUID: 6c2ef43e-3dc9-413b-8943-437dbf7ade20 | Row: 12 | Value: 21.05.2012 | Issue: Pattern Mismatch
2024-09-11 22:20:53,343 - ERROR - Data Type Error in Column: registrationDateAndPlanRef | GUID: 5d66642e-8016-44bc-bff8-3d89d6a7cfc7 | Row: 0 | Value: Sheila Sherlock Centre 99 years from | Issue: Does not contain a valid date
2024-09-11 22:20:53,343 - ERROR - Data Type Error in Column: registrationDateAndPlanRef | GUID: 3599432a-c8cd-4d8c-b885-7f912dde9c53 | Row: 0 | Value: 98 Kensington High Street 99 years (less 3 days) from 14/05/1952 | Issue: Does not contain a valid date
2024-09-11 22:20:53,344 - ERROR - Data Type Error in Column: registrationDateAndPlanRef | GUID: 17102cbd-d46c-4124-832c-610df5944c85 | Row: 2 | Value: ITEM CANCELLED on 11 October 2016. | Issue: Does not contain a valid date
2024-09-11 22:20:53,346 - ERROR - Data Type Error in Column: registrationDateAndPlanRef | GUID: 4183c6df-67f3-4fe1-9c52-e754b57df76d | Row: 0 | Value: land on the south west side tinted blue | Issue: Does not contain a valid date
2024-09-11 22:20:53,346 - ERROR - Data Type Error in Column: lesseesTitle | GUID: 2ac5bdc1-3f43-4708-abad-b76e362ea9b7 | Row: 1 | Value: 29.9.1992 | Issue: Pattern Mismatch
2024-09-11 22:20:53,346 - ERROR - Data Type Error in Column: registrationDateAndPlanRef | GUID: c6de7177-5da1-409b-b990-9172564ca638 | Row: 0 | Value: 28 Portland Place 3 | Issue: Does not contain a valid date
2024-09-11 22:20:53,346 - ERROR - Data Type Error in Column: registrationDateAndPlanRef | GUID: 1e58c7e1-0ce9-4b95-b3bc-792d96094643 | Row: 1 | Value: 94 (formerly 15) New 7 | Issue: Does not contain a valid date
2024-09-11 22:20:53,346 - ERROR - Data Type Error in Column: lesseesTitle | GUID: 358d9f6f-bb3e-4001-b179-2cd47ea3e03c | Row: 2 | Value: WYK699915 above | Issue: Pattern Mismatch
2024-09-11 22:20:53,346 - ERROR - Data Type Error in Column: lesseesTitle | GUID: 950c1e7c-0bb9-4f1d-ae50-b6d696a07872 | Row: 1 | Value: Not | Issue: Pattern Mismatch
2024-09-11 22:20:53,346 - INFO - Total valid leaseschedules: 82 / 86
2024-09-11 22:20:53,354 - INFO - Data successfully saved to C:\Users\Daniel Simons\Technical\OrbitalWitnessTechnical\src\..\lease-parser\data\output\structured_lease_data.csv
2024-09-11 22:20:53,381 - INFO - Data successfully saved to C:\Users\Daniel Simons\Technical\OrbitalWitnessTechnical\src\..\lease-parser\data\output\structured_lease_data.json
2024-09-11 22:20:53,381 - INFO - Data has been processed and saved to: C:\Users\Daniel Simons\Technical\OrbitalWitnessTechnical\src\..\lease-parser\data\output\structured_lease_data.json
2024-09-11 22:20:53,381 - INFO - Data has been processed and saved to: C:\Users\Daniel Simons\Technical\OrbitalWitnessTechnical\src\..\lease-parser\data\output\structured_lease_data.json
2024-09-11 22:20:53,381 - INFO - Data has been processed and saved to: C:\Users\Daniel Simons\Technical\OrbitalWitnessTechnical\src\..\lease-parser\data\output\structured_lease_data.csv
2024-09-11 22:20:53,381 - INFO - Data has been processed and saved to: C:\Users\Daniel Simons\Technical\OrbitalWitnessTechnical\src\..\lease-parser\data\output\structured_lease_data.csv
2024-09-11 22:20:53,401 - INFO - 127.0.0.1 - - [11/Sep/2024 22:20:53] "POST /process HTTP/1.1" 200 -
2024-09-12 09:11:53,378 - INFO -  * Detected change in 'C:\\Users\\Daniel Simons\\Technical\\OrbitalWitnessTechnical\\src\\extract_info.py', reloading
2024-09-12 09:11:53,445 - INFO -  * Restarting with stat
2024-09-12 09:11:53,878 - WARNING -  * Debugger is active!
2024-09-12 09:11:53,881 - INFO -  * Debugger PIN: 888-599-118
2024-09-12 09:13:05,811 - INFO -  * Detected change in 'C:\\Users\\Daniel Simons\\Technical\\OrbitalWitnessTechnical\\src\\extract_info.py', reloading
2024-09-12 09:13:05,837 - INFO -  * Restarting with stat
2024-09-12 09:13:06,086 - WARNING -  * Debugger is active!
2024-09-12 09:13:06,089 - INFO -  * Debugger PIN: 888-599-118
2024-09-12 09:14:17,040 - INFO -  * Detected change in 'C:\\Users\\Daniel Simons\\Technical\\OrbitalWitnessTechnical\\src\\extract_info.py', reloading
2024-09-12 09:14:17,068 - INFO -  * Restarting with stat
2024-09-12 09:14:17,305 - WARNING -  * Debugger is active!
2024-09-12 09:14:17,308 - INFO -  * Debugger PIN: 888-599-118
2024-09-12 09:14:34,514 - INFO -  * Detected change in 'C:\\Users\\Daniel Simons\\Technical\\OrbitalWitnessTechnical\\src\\extract_info.py', reloading
2024-09-12 09:14:34,542 - INFO -  * Restarting with stat
2024-09-12 09:14:34,793 - WARNING -  * Debugger is active!
2024-09-12 09:14:34,796 - INFO -  * Debugger PIN: 888-599-118
2024-09-12 09:15:10,236 - INFO -  * Detected change in 'C:\\Users\\Daniel Simons\\Technical\\OrbitalWitnessTechnical\\src\\extract_info.py', reloading
2024-09-12 09:15:10,271 - INFO -  * Restarting with stat
2024-09-12 09:15:10,525 - WARNING -  * Debugger is active!
2024-09-12 09:15:10,527 - INFO -  * Debugger PIN: 888-599-118
2024-09-12 09:15:58,116 - INFO -  * Detected change in 'C:\\Users\\Daniel Simons\\Technical\\OrbitalWitnessTechnical\\src\\extract_info.py', reloading
2024-09-12 09:15:58,147 - INFO -  * Restarting with stat
2024-09-12 09:15:58,428 - WARNING -  * Debugger is active!
2024-09-12 09:15:58,431 - INFO -  * Debugger PIN: 888-599-118
2024-09-12 09:16:24,862 - INFO -  * Detected change in 'C:\\Users\\Daniel Simons\\Technical\\OrbitalWitnessTechnical\\src\\extract_info.py', reloading
2024-09-12 09:16:24,889 - INFO -  * Restarting with stat
2024-09-12 09:16:25,116 - WARNING -  * Debugger is active!
2024-09-12 09:16:25,118 - INFO -  * Debugger PIN: 888-599-118
2024-09-12 09:16:35,275 - INFO -  * Detected change in 'C:\\Users\\Daniel Simons\\Technical\\OrbitalWitnessTechnical\\src\\extract_info.py', reloading
2024-09-12 09:16:35,328 - INFO -  * Restarting with stat
2024-09-12 09:16:35,596 - WARNING -  * Debugger is active!
2024-09-12 09:16:35,599 - INFO -  * Debugger PIN: 888-599-118
2024-09-12 09:16:56,907 - INFO -  * Detected change in 'C:\\Users\\Daniel Simons\\Technical\\OrbitalWitnessTechnical\\src\\extract_info.py', reloading
2024-09-12 09:16:56,933 - INFO -  * Restarting with stat
2024-09-12 09:16:57,168 - WARNING -  * Debugger is active!
2024-09-12 09:16:57,170 - INFO -  * Debugger PIN: 888-599-118
2024-09-12 09:17:54,921 - INFO -  * Detected change in 'C:\\Users\\Daniel Simons\\Technical\\OrbitalWitnessTechnical\\src\\extract_info.py', reloading
2024-09-12 09:17:54,951 - INFO -  * Restarting with stat
2024-09-12 09:17:55,202 - WARNING -  * Debugger is active!
2024-09-12 09:17:55,205 - INFO -  * Debugger PIN: 888-599-118
2024-09-12 09:18:13,426 - INFO -  * Detected change in 'C:\\Users\\Daniel Simons\\Technical\\OrbitalWitnessTechnical\\src\\extract_info.py', reloading
2024-09-12 09:18:13,457 - INFO -  * Restarting with stat
2024-09-12 09:18:13,702 - WARNING -  * Debugger is active!
2024-09-12 09:18:13,705 - INFO -  * Debugger PIN: 888-599-118
2024-09-12 09:18:52,181 - INFO -  * Detected change in 'C:\\Users\\Daniel Simons\\Technical\\OrbitalWitnessTechnical\\src\\extract_info.py', reloading
2024-09-12 09:18:52,206 - INFO -  * Restarting with stat
2024-09-12 09:18:52,634 - WARNING -  * Debugger is active!
2024-09-12 09:18:52,640 - INFO -  * Debugger PIN: 888-599-118
2024-09-12 09:21:35,015 - INFO -  * Detected change in 'C:\\Users\\Daniel Simons\\Technical\\OrbitalWitnessTechnical\\src\\processing\\data_processing.py', reloading
2024-09-12 09:21:35,040 - INFO -  * Restarting with stat
2024-09-12 09:21:35,473 - WARNING -  * Debugger is active!
2024-09-12 09:21:35,476 - INFO -  * Debugger PIN: 888-599-118
2024-09-12 09:29:55,431 - INFO -  * Detected change in 'C:\\Users\\Daniel Simons\\Technical\\OrbitalWitnessTechnical\\src\\validation\\validate_output.py', reloading
2024-09-12 09:29:55,467 - INFO -  * Restarting with stat
2024-09-12 09:29:55,713 - WARNING -  * Debugger is active!
2024-09-12 09:29:55,715 - INFO -  * Debugger PIN: 888-599-118
2024-09-12 09:33:29,114 - INFO -  * Detected change in 'C:\\Users\\Daniel Simons\\Technical\\OrbitalWitnessTechnical\\src\\validation\\validate_output.py', reloading
2024-09-12 09:33:29,150 - INFO -  * Restarting with stat
2024-09-12 09:33:29,389 - WARNING -  * Debugger is active!
2024-09-12 09:33:29,391 - INFO -  * Debugger PIN: 888-599-118
2024-09-12 09:52:13,708 - INFO - [31m[1mWARNING: This is a development server. Do not use it in a production deployment. Use a production WSGI server instead.[0m
 * Running on all addresses (0.0.0.0)
 * Running on http://127.0.0.1:5000
 * Running on http://192.168.1.83:5000
2024-09-12 09:52:13,708 - INFO - [33mPress CTRL+C to quit[0m
2024-09-12 09:52:13,710 - INFO -  * Restarting with stat
2024-09-12 09:52:13,967 - WARNING -  * Debugger is active!
2024-09-12 09:52:13,969 - INFO -  * Debugger PIN: 888-599-118
2024-09-12 09:52:18,095 - INFO - Total entries collected: 1766
2024-09-12 09:52:18,127 - INFO - Processing completed, retaining original data structure.
2024-09-12 09:52:18,127 - INFO - Validating data...
2024-09-12 09:52:18,127 - ERROR - Data Type Error in Column: lesseesTitle | GUID: d983da0d-7e99-4fea-8170-8cd5fabd3c14 | Row: 4 | Value: 01.12.2009 | Issue: Pattern Mismatch
2024-09-12 09:52:18,128 - ERROR - Data Type Error in Column: lesseesTitle | GUID: 4be25c0c-ad0c-4be5-a415-6197cfe55ab0 | Row: 150 | Value: EGL569610 999 years from | Issue: Pattern Mismatch
2024-09-12 09:52:18,128 - ERROR - Data Type Error in Column: lesseesTitle | GUID: 21afe41d-8bd2-45da-a02d-2a5de0edf462 | Row: 199 | Value: EGL571099 999 years from | Issue: Pattern Mismatch
2024-09-12 09:52:18,128 - ERROR - Data Type Error in Column: lesseesTitle | GUID: a7f6601c-c62d-482d-88ee-071db929333c | Row: 208 | Value: EGL571566 999 years from | Issue: Pattern Mismatch
2024-09-12 09:52:18,128 - ERROR - Data Type Error in Column: lesseesTitle | GUID: fe27db09-a725-489c-a26b-9431361e55cd | Row: 297 | Value: EGL576442 999 years from | Issue: Pattern Mismatch
2024-09-12 09:52:18,129 - ERROR - Data Type Error in Column: lesseesTitle | GUID: b2010bf2-029a-429f-ba11-48ce24cea9d7 | Row: 516 | Value: AGL225090 999 years from | Issue: Pattern Mismatch
2024-09-12 09:52:18,130 - ERROR - Data Type Error in Column: lesseesTitle | GUID: 55ffb927-8172-4e75-ad9d-0d79af5ea578 | Row: 776 | Value: AGL245854 999 years from | Issue: Pattern Mismatch
2024-09-12 09:52:18,130 - ERROR - Data Type Error in Column: registrationDateAndPlanRef | GUID: 4a6d884c-54dd-4b7e-bbdc-c7d2a5bbf7a6 | Row: 3 | Value: ITEM CANCELLED on 14 February 2019. | Issue: Does not contain a valid date
2024-09-12 09:52:18,130 - ERROR - Data Type Error in Column: registrationDateAndPlanRef | GUID: 41ab521d-e336-4094-bc71-cf04458ea68c | Row: 4 | Value: ITEM CANCELLED on 22 March 2018. | Issue: Does not contain a valid date
2024-09-12 09:52:18,130 - ERROR - Data Type Error in Column: registrationDateAndPlanRef | GUID: 0a406c20-5bd4-4820-b334-dca328fef997 | Row: 5 | Value: ITEM CANCELLED on 6 August 2019. | Issue: Does not contain a valid date
2024-09-12 09:52:18,130 - ERROR - Data Type Error in Column: registrationDateAndPlanRef | GUID: c1b900b6-66bc-4dd3-8caa-54754e9fedc6 | Row: 9 | Value: ITEM CANCELLED on 29 July 2019. | Issue: Does not contain a valid date
2024-09-12 09:52:18,130 - ERROR - Data Type Error in Column: registrationDateAndPlanRef | GUID: d8be2f7e-0d54-4e04-ae8b-d4162d944c39 | Row: 10 | Value: ITEM CANCELLED on 11 September 2018. | Issue: Does not contain a valid date
2024-09-12 09:52:18,130 - ERROR - Data Type Error in Column: registrationDateAndPlanRef | GUID: bc952965-7ac6-4b83-a71d-62fbcf117b1a | Row: 11 | Value: ITEM CANCELLED on 11 September 2018. | Issue: Does not contain a valid date
2024-09-12 09:52:18,130 - ERROR - Data Type Error in Column: registrationDateAndPlanRef | GUID: ce473254-745c-4f81-8aed-22ee6a9fa777 | Row: 15 | Value: ITEM CANCELLED on 12 February 2019. | Issue: Does not contain a valid date
2024-09-12 09:52:18,130 - ERROR - Data Type Error in Column: registrationDateAndPlanRef | GUID: 04ef28a3-db4e-4c2a-ba76-5e79e4c37846 | Row: 21 | Value: ITEM CANCELLED on 22 February 2019. | Issue: Does not contain a valid date
2024-09-12 09:52:18,130 - ERROR - Data Type Error in Column: registrationDateAndPlanRef | GUID: 48cad858-63e9-45a0-b647-2ae591257bf5 | Row: 28 | Value: ITEM CANCELLED on 16 May 2019. | Issue: Does not contain a valid date
2024-09-12 09:52:18,131 - ERROR - Data Type Error in Column: registrationDateAndPlanRef | GUID: 8de2a3a3-37a8-4b14-8b57-8d7abcaa8555 | Row: 32 | Value: ITEM CANCELLED on 6 August 2019. | Issue: Does not contain a valid date
2024-09-12 09:52:18,131 - ERROR - Data Type Error in Column: registrationDateAndPlanRef | GUID: f577908d-da2b-4574-956e-9109cb9e618c | Row: 40 | Value: ITEM CANCELLED on 20 September 2019. | Issue: Does not contain a valid date
2024-09-12 09:52:18,131 - ERROR - Data Type Error in Column: registrationDateAndPlanRef | GUID: 4520c032-a87c-463a-879e-aafe0bff6eaa | Row: 43 | Value: ITEM CANCELLED on 11 July 2019. | Issue: Does not contain a valid date
2024-09-12 09:52:18,131 - ERROR - Data Type Error in Column: registrationDateAndPlanRef | GUID: 91900b04-a2ee-4b09-b12b-1f77d86a40ee | Row: 48 | Value: ITEM CANCELLED on 11 October 2018. | Issue: Does not contain a valid date
2024-09-12 09:52:18,131 - ERROR - Data Type Error in Column: registrationDateAndPlanRef | GUID: b2db5563-c99f-4cce-a692-2bab94be950c | Row: 54 | Value: ITEM CANCELLED on 22 October 2018. | Issue: Does not contain a valid date
2024-09-12 09:52:18,131 - ERROR - Data Type Error in Column: registrationDateAndPlanRef | GUID: 03b78034-bd0f-40e1-b357-cd276a641b61 | Row: 77 | Value: ITEM CANCELLED on 21 February 2019. | Issue: Does not contain a valid date
2024-09-12 09:52:18,131 - ERROR - Data Type Error in Column: registrationDateAndPlanRef | GUID: b7dbc737-be03-4065-a70f-9cc4e1dd84c8 | Row: 83 | Value: ITEM CANCELLED on 20 August 2019. | Issue: Does not contain a valid date
2024-09-12 09:52:18,131 - ERROR - Data Type Error in Column: registrationDateAndPlanRef | GUID: 4b533844-ddc7-43cb-8686-049a76791ddf | Row: 102 | Value: ITEM CANCELLED on 22 July 2019. | Issue: Does not contain a valid date
2024-09-12 09:52:18,131 - ERROR - Data Type Error in Column: registrationDateAndPlanRef | GUID: 179e9c54-035d-4cd8-b547-877f29bdd40d | Row: 164 | Value: ITEM CANCELLED on 3 September 2018. | Issue: Does not contain a valid date
2024-09-12 09:52:18,132 - ERROR - Data Type Error in Column: registrationDateAndPlanRef | GUID: f0afc7c5-ba24-41e6-9332-22db8963628d | Row: 165 | Value: ITEM CANCELLED on 3 September 2018. | Issue: Does not contain a valid date
2024-09-12 09:52:18,132 - ERROR - Data Type Error in Column: registrationDateAndPlanRef | GUID: 999b8956-5b73-4a16-98a2-85938664dc82 | Row: 166 | Value: ITEM CANCELLED on 3 September 2018. | Issue: Does not contain a valid date
2024-09-12 09:52:18,132 - ERROR - Data Type Error in Column: registrationDateAndPlanRef | GUID: 62745e28-1350-46b6-a9e8-ed5ecf62d755 | Row: 167 | Value: ITEM CANCELLED on 3 September 2018. | Issue: Does not contain a valid date
2024-09-12 09:52:18,132 - ERROR - Data Type Error in Column: registrationDateAndPlanRef | GUID: a3f47d49-7f32-423d-93b8-2a905085b90b | Row: 168 | Value: ITEM CANCELLED on 3 September 2018. | Issue: Does not contain a valid date
2024-09-12 09:52:18,132 - ERROR - Data Type Error in Column: registrationDateAndPlanRef | GUID: 0e482f48-a904-474f-b15b-f12f646d548d | Row: 169 | Value: ITEM CANCELLED on 3 September 2018. | Issue: Does not contain a valid date
2024-09-12 09:52:18,132 - ERROR - Data Type Error in Column: registrationDateAndPlanRef | GUID: 5fcbd1a0-2378-4049-b330-96f6303186b8 | Row: 170 | Value: ENTRY CANCELLED on 5 February 2019. | Issue: Does not contain a valid date
2024-09-12 09:52:18,132 - ERROR - Data Type Error in Column: registrationDateAndPlanRef | GUID: 6c099701-d8ba-42cc-9b6b-c662df11b08a | Row: 171 | Value: ENTRY CANCELLED on 5 February 2019. | Issue: Does not contain a valid date
2024-09-12 09:52:18,132 - ERROR - Data Type Error in Column: registrationDateAndPlanRef | GUID: 6233cf9a-a30b-498e-a10e-29926a744935 | Row: 172 | Value: ENTRY CANCELLED on 5 February 2019. | Issue: Does not contain a valid date
2024-09-12 09:52:18,132 - ERROR - Data Type Error in Column: registrationDateAndPlanRef | GUID: b314a32d-b81a-4e28-8317-20ade8ebe108 | Row: 173 | Value: ENTRY CANCELLED on 5 February 2019. | Issue: Does not contain a valid date
2024-09-12 09:52:18,132 - ERROR - Data Type Error in Column: registrationDateAndPlanRef | GUID: b86bf807-f760-4266-b9b4-addd88ae96bf | Row: 174 | Value: ENTRY CANCELLED on 5 February 2019. | Issue: Does not contain a valid date
2024-09-12 09:52:18,132 - ERROR - Data Type Error in Column: registrationDateAndPlanRef | GUID: 5b4d8562-5377-4c89-8b4e-bab88af35405 | Row: 175 | Value: ENTRY CANCELLED on 5 February 2019. | Issue: Does not contain a valid date
2024-09-12 09:52:18,133 - ERROR - Data Type Error in Column: registrationDateAndPlanRef | GUID: 2c918d6c-75e4-41ac-8af2-03b8254fe58a | Row: 2 | Value: The Arena, Phoenix Way Edged and numbered 6 in brown (part of) | Issue: Does not contain a valid date
2024-09-12 09:52:18,133 - ERROR - Data Type Error in Column: lesseesTitle | GUID: 0d29732f-5d52-46db-8cbf-5a3e77cbf09a | Row: 0 | Value: WM882649. | Issue: Pattern Mismatch
2024-09-12 09:52:18,133 - ERROR - Data Type Error in Column: registrationDateAndPlanRef | GUID: ca65f9f7-4e50-4ab0-ae10-fc02fd0f0a4d | Row: 0 | Value: 32a Town Centre, Hatfield numbered 1 in brown (part of) | Issue: Does not contain a valid date
2024-09-12 09:52:18,133 - ERROR - Data Type Error in Column: registrationDateAndPlanRef | GUID: 4a2a6287-bdea-4558-a555-d1cc916805e9 | Row: 1 | Value: 30a Town Centre, Hatfield numbered 2 in brown (part of) | Issue: Does not contain a valid date
2024-09-12 09:52:18,133 - ERROR - Data Type Error in Column: registrationDateAndPlanRef | GUID: 74c3af2d-9c50-4aed-ac63-a4d14af33dac | Row: 2 | Value: 36a Town Centre, Hatfield numbered 3 in brown (part of) | Issue: Does not contain a valid date
2024-09-12 09:52:18,133 - ERROR - Data Type Error in Column: lesseesTitle | GUID: 26409eef-26c2-41f5-b617-ac8abd22f780 | Row: 0 | Value: TGL229459 lcony | Issue: Pattern Mismatch
2024-09-12 09:52:18,133 - ERROR - Data Type Error in Column: lesseesTitle | GUID: ae04963a-0a58-4bb7-b8a5-a5fcfd245614 | Row: 1 | Value: TGL230021 lcony | Issue: Pattern Mismatch
2024-09-12 09:52:18,133 - ERROR - Data Type Error in Column: lesseesTitle | GUID: 9796ff4c-a144-4114-9703-0850a2c77970 | Row: 2 | Value: TGL230931 lcony | Issue: Pattern Mismatch
2024-09-12 09:52:18,133 - ERROR - Data Type Error in Column: lesseesTitle | GUID: 7b014aed-dc88-44a1-8b8d-9b43213bb0fe | Row: 3 | Value: TGL234534 lcony | Issue: Pattern Mismatch
2024-09-12 09:52:18,133 - ERROR - Data Type Error in Column: registrationDateAndPlanRef | GUID: fcfe1d66-12e6-41cf-afc5-33cf0e67ebc5 | Row: 7 | Value: ITEM CANCELLED on 10 June 2015. | Issue: Does not contain a valid date
2024-09-12 09:52:18,133 - ERROR - Data Type Error in Column: registrationDateAndPlanRef | GUID: fdef2cdc-d236-4118-bb8e-588ce1f48e53 | Row: 8 | Value: ITEM CANCELLED on 13 July 2015. | Issue: Does not contain a valid date
2024-09-12 09:52:18,133 - ERROR - Data Type Error in Column: registrationDateAndPlanRef | GUID: 37d555b1-307a-4eb3-9746-226c31a6a792 | Row: 9 | Value: ITEM CANCELLED on 23 March 2015. | Issue: Does not contain a valid date
2024-09-12 09:52:18,133 - ERROR - Data Type Error in Column: registrationDateAndPlanRef | GUID: ac960a5b-a00b-4b14-8e6c-f23b7a3bc3f5 | Row: 10 | Value: ITEM CANCELLED on 27 January 2015. | Issue: Does not contain a valid date
2024-09-12 09:52:18,133 - ERROR - Data Type Error in Column: registrationDateAndPlanRef | GUID: 9b79810b-aa1d-4f66-9b4a-e99aa1ea44a2 | Row: 11 | Value: ITEM CANCELLED on 27 January 2015. | Issue: Does not contain a valid date
2024-09-12 09:52:18,133 - ERROR - Data Type Error in Column: registrationDateAndPlanRef | GUID: c07d98b9-ed6a-45e4-ae67-5046c0ba1684 | Row: 12 | Value: ITEM CANCELLED on 10 June 2015. | Issue: Does not contain a valid date
2024-09-12 09:52:18,133 - ERROR - Data Type Error in Column: registrationDateAndPlanRef | GUID: 630c7883-7a69-4d3a-aa7f-1097b54ca128 | Row: 13 | Value: ITEM CANCELLED on 10 June 2015. | Issue: Does not contain a valid date
2024-09-12 09:52:18,133 - ERROR - Data Type Error in Column: registrationDateAndPlanRef | GUID: 9de04343-f550-4a5b-8212-8fe39ac39f5d | Row: 14 | Value: ITEM CANCELLED on 13 July 2015. | Issue: Does not contain a valid date
2024-09-12 09:52:18,134 - ERROR - Data Type Error in Column: registrationDateAndPlanRef | GUID: f6b843ac-567d-4323-9378-67399d2aa5a6 | Row: 15 | Value: ITEM CANCELLED on 7 October 2015. | Issue: Does not contain a valid date
2024-09-12 09:52:18,134 - ERROR - Data Type Error in Column: registrationDateAndPlanRef | GUID: f6af5c2b-bdb3-4ccb-9693-1bda0b826f9e | Row: 16 | Value: ITEM CANCELLED on 7 October 2015. | Issue: Does not contain a valid date
2024-09-12 09:52:18,134 - ERROR - Data Type Error in Column: registrationDateAndPlanRef | GUID: cecf02ef-b1dd-4b27-8f80-029e328e1f1d | Row: 17 | Value: ITEM CANCELLED on 28 April 2016. | Issue: Does not contain a valid date
2024-09-12 09:52:18,134 - ERROR - Data Type Error in Column: registrationDateAndPlanRef | GUID: 987c50ab-e0b4-4382-9d73-0518b4c46b56 | Row: 18 | Value: ITEM CANCELLED on 28 April 2016. | Issue: Does not contain a valid date
2024-09-12 09:52:18,134 - ERROR - Data Type Error in Column: registrationDateAndPlanRef | GUID: fede6a43-654b-49eb-a824-9244f0187dbb | Row: 19 | Value: ITEM CANCELLED on 28 April 2016. | Issue: Does not contain a valid date
2024-09-12 09:52:18,134 - ERROR - Data Type Error in Column: registrationDateAndPlanRef | GUID: f3e029f4-0683-4dbf-86de-c9a3529dfc26 | Row: 20 | Value: ITEM CANCELLED on 10 January 2018. | Issue: Does not contain a valid date
2024-09-12 09:52:18,134 - ERROR - Data Type Error in Column: registrationDateAndPlanRef | GUID: e502072c-f27f-4156-b425-0fcb3b56006d | Row: 21 | Value: ITEM CANCELLED on 10 January 2018. | Issue: Does not contain a valid date
2024-09-12 09:52:18,134 - ERROR - Data Type Error in Column: registrationDateAndPlanRef | GUID: e577f638-24aa-4a9d-98bc-694cd0324323 | Row: 22 | Value: ITEM CANCELLED on 10 January 2018. | Issue: Does not contain a valid date
2024-09-12 09:52:18,134 - ERROR - Data Type Error in Column: registrationDateAndPlanRef | GUID: 69b25bed-e5ef-4dfe-8063-4f0705d75955 | Row: 23 | Value: ITEM CANCELLED on 10 January 2018. | Issue: Does not contain a valid date
2024-09-12 09:52:18,134 - ERROR - Data Type Error in Column: registrationDateAndPlanRef | GUID: f92519b6-1b5f-47dc-859d-a1aae59f327c | Row: 24 | Value: ITEM CANCELLED on 10 January 2018. | Issue: Does not contain a valid date
2024-09-12 09:52:18,134 - ERROR - Data Type Error in Column: registrationDateAndPlanRef | GUID: f4858d25-d527-4761-8046-e413108083fa | Row: 25 | Value: ITEM CANCELLED on 10 January 2018. | Issue: Does not contain a valid date
2024-09-12 09:52:18,134 - ERROR - Data Type Error in Column: registrationDateAndPlanRef | GUID: 1c31ce85-e5db-4708-adc7-b9cf0d713f52 | Row: 26 | Value: ITEM CANCELLED on 10 January 2018. | Issue: Does not contain a valid date
2024-09-12 09:52:18,134 - ERROR - Data Type Error in Column: registrationDateAndPlanRef | GUID: c69f3cc3-1f63-4144-9ca5-52772ad656f2 | Row: 27 | Value: ITEM CANCELLED on 10 January 2018. | Issue: Does not contain a valid date
2024-09-12 09:52:18,134 - ERROR - Data Type Error in Column: registrationDateAndPlanRef | GUID: f95d0fec-a457-4022-8501-499bbd2f3d20 | Row: 28 | Value: ITEM CANCELLED on 10 January 2018. | Issue: Does not contain a valid date
2024-09-12 09:52:18,134 - ERROR - Data Type Error in Column: registrationDateAndPlanRef | GUID: 86732ccf-3f0d-4384-ac30-1e115fb285b2 | Row: 29 | Value: ITEM CANCELLED on 10 January 2018. | Issue: Does not contain a valid date
2024-09-12 09:52:18,134 - ERROR - Data Type Error in Column: registrationDateAndPlanRef | GUID: 829e3136-df9d-4e92-b837-42c07cd6e8d6 | Row: 30 | Value: ITEM CANCELLED on 10 January 2018. | Issue: Does not contain a valid date
2024-09-12 09:52:18,134 - ERROR - Data Type Error in Column: registrationDateAndPlanRef | GUID: 763a0617-f8bc-4f7a-a3c6-f3002fee0be7 | Row: 31 | Value: ITEM CANCELLED on 10 January 2018. | Issue: Does not contain a valid date
2024-09-12 09:52:18,134 - ERROR - Data Type Error in Column: registrationDateAndPlanRef | GUID: 296fb37f-c26d-4b6a-80f6-764c8726128b | Row: 32 | Value: ITEM CANCELLED on 10 January 2018. | Issue: Does not contain a valid date
2024-09-12 09:52:18,134 - ERROR - Data Type Error in Column: registrationDateAndPlanRef | GUID: 460b14dc-32d5-494d-8952-7a6884483de5 | Row: 33 | Value: ITEM CANCELLED on 10 January 2018. | Issue: Does not contain a valid date
2024-09-12 09:52:18,134 - ERROR - Data Type Error in Column: registrationDateAndPlanRef | GUID: a7ed3401-4de5-40a0-ba53-36485c0ee9eb | Row: 34 | Value: ITEM CANCELLED on 10 January 2018. | Issue: Does not contain a valid date
2024-09-12 09:52:18,134 - ERROR - Data Type Error in Column: registrationDateAndPlanRef | GUID: 6be4446d-c36a-4a26-8872-3e3031878f29 | Row: 35 | Value: ITEM CANCELLED on 10 January 2018. | Issue: Does not contain a valid date
2024-09-12 09:52:18,134 - ERROR - Data Type Error in Column: registrationDateAndPlanRef | GUID: 61fef4b9-1f96-4f32-9763-6bcfb7987244 | Row: 36 | Value: ITEM CANCELLED on 10 January 2018. | Issue: Does not contain a valid date
2024-09-12 09:52:18,135 - ERROR - Data Type Error in Column: registrationDateAndPlanRef | GUID: ce615fee-82ce-4c40-837f-726960992d9d | Row: 37 | Value: ITEM CANCELLED on 10 January 2018. | Issue: Does not contain a valid date
2024-09-12 09:52:18,135 - ERROR - Data Type Error in Column: registrationDateAndPlanRef | GUID: 596a69de-a2d1-49bd-8af4-dc11779b3b29 | Row: 38 | Value: ITEM CANCELLED on 29 July 2016. | Issue: Does not contain a valid date
2024-09-12 09:52:18,135 - ERROR - Data Type Error in Column: registrationDateAndPlanRef | GUID: 1dc7297d-7434-406a-a92c-140cab91d0a5 | Row: 39 | Value: ITEM CANCELLED on 29 July 2016. | Issue: Does not contain a valid date
2024-09-12 09:52:18,135 - ERROR - Data Type Error in Column: registrationDateAndPlanRef | GUID: cf872342-9a9b-499c-8f58-254ab1884f89 | Row: 41 | Value: ITEM CANCELLED on 4 April 2018. | Issue: Does not contain a valid date
2024-09-12 09:52:18,135 - ERROR - Data Type Error in Column: registrationDateAndPlanRef | GUID: 04df16e2-f6ef-450f-a023-da0b90813fb8 | Row: 42 | Value: ITEM CANCELLED on 4 April 2018. | Issue: Does not contain a valid date
2024-09-12 09:52:18,135 - ERROR - Data Type Error in Column: registrationDateAndPlanRef | GUID: 63ce625a-a113-4971-a3a2-2e255dbfea53 | Row: 43 | Value: ITEM CANCELLED on 4 April 2018. | Issue: Does not contain a valid date
2024-09-12 09:52:18,135 - ERROR - Data Type Error in Column: registrationDateAndPlanRef | GUID: 471cbdf9-6d3f-4f9e-9535-1403a6104914 | Row: 44 | Value: ITEM CANCELLED on 4 April 2018. | Issue: Does not contain a valid date
2024-09-12 09:52:18,135 - ERROR - Data Type Error in Column: registrationDateAndPlanRef | GUID: f242d9f4-456e-4467-9b9f-13605faa048b | Row: 45 | Value: ITEM CANCELLED on 4 April 2018. | Issue: Does not contain a valid date
2024-09-12 09:52:18,135 - ERROR - Data Type Error in Column: registrationDateAndPlanRef | GUID: 96e7c316-3b6e-42c0-b4e7-728df5e9ff5b | Row: 46 | Value: ITEM CANCELLED on 4 April 2018. | Issue: Does not contain a valid date
2024-09-12 09:52:18,135 - ERROR - Data Type Error in Column: registrationDateAndPlanRef | GUID: 6f2b8f2e-6e63-4c04-82bd-8036cd15de90 | Row: 2 | Value: Low Voltage Electricity Distribution System | Issue: Does not contain a valid date
2024-09-12 09:52:18,136 - ERROR - Data Type Error in Column: lesseesTitle | GUID: 8dd58868-225c-4939-ba11-0b51e78ca73c | Row: 68 | Value: 14.08.2014 | Issue: Pattern Mismatch
2024-09-12 09:52:18,136 - ERROR - Data Type Error in Column: registrationDateAndPlanRef | GUID: 888bfac9-30bc-4bb2-943f-6822c299d6de | Row: 1 | Value: Industrial Dwellings Grotto 3 | Issue: Does not contain a valid date
2024-09-12 09:52:18,136 - ERROR - Data Type Error in Column: registrationDateAndPlanRef | GUID: 2016fc31-84d7-4c7e-bf7c-8dee742dd0dd | Row: 2 | Value: Industrial Dwellings Grotto 4, 5 and 6 Buildings and Ashland Place | Issue: Does not contain a valid date
2024-09-12 09:52:18,136 - ERROR - Data Type Error in Column: registrationDateAndPlanRef | GUID: d20e595d-65cb-4313-89d9-a41793a12ee2 | Row: 3 | Value: 14 Ossington Buildings 8 | Issue: Does not contain a valid date
2024-09-12 09:52:18,136 - ERROR - Data Type Error in Column: registrationDateAndPlanRef | GUID: 38070b22-056b-496d-968e-ccb8189e94ea | Row: 4 | Value: 2 and 4 Moxon Street 9 | Issue: Does not contain a valid date
2024-09-12 09:52:18,136 - ERROR - Data Type Error in Column: registrationDateAndPlanRef | GUID: 5bbf51a5-75ba-4748-832f-d66ef639cb41 | Row: 5 | Value: 16, 18 and 20 Moxon Street 11 | Issue: Does not contain a valid date
2024-09-12 09:52:18,136 - ERROR - Data Type Error in Column: registrationDateAndPlanRef | GUID: 510c602a-322b-4939-b466-ba0bfe5ec1b9 | Row: 6 | Value: 8 Garbutt Place 13 | Issue: Does not contain a valid date
2024-09-12 09:52:18,136 - ERROR - Data Type Error in Column: registrationDateAndPlanRef | GUID: 572314cf-cd61-40bc-9f30-afaef33cfabf | Row: 7 | Value: 9 Garbutt Place 14 Lease for 82 1/4 years from | Issue: Does not contain a valid date
2024-09-12 09:52:18,136 - ERROR - Data Type Error in Column: registrationDateAndPlanRef | GUID: 1df2c302-4947-435e-826d-b750c4196b40 | Row: 8 | Value: 10 and 11 Garbutt Place 15 | Issue: Does not contain a valid date
2024-09-12 09:52:18,137 - ERROR - Data Type Error in Column: registrationDateAndPlanRef | GUID: 860511c0-daf0-4bb0-9f24-12345d8be81b | Row: 9 | Value: 2a Ashland Place 16 Lease for 80 years from | Issue: Does not contain a valid date
2024-09-12 09:52:18,137 - ERROR - Data Type Error in Column: registrationDateAndPlanRef | GUID: 4536936a-1327-4ff8-a500-45211ab52b6b | Row: 1 | Value: Telephone Exchange tinted pink | Issue: Does not contain a valid date
2024-09-12 09:52:18,137 - ERROR - Data Type Error in Column: registrationDateAndPlanRef | GUID: c4ffe1f2-4cfc-4084-b60f-e50244025196 | Row: 0 | Value: An Electricity Sub-Station Edged and numbered 1 in blue | Issue: Does not contain a valid date
2024-09-12 09:52:18,137 - ERROR - Data Type Error in Column: registrationDateAndPlanRef | GUID: 36d7ccca-f026-4ce7-ace1-dfc3767b35d7 | Row: 1 | Value: An Electricity Sub-Station Edged and numbered 2 in blue | Issue: Does not contain a valid date
2024-09-12 09:52:18,137 - ERROR - Data Type Error in Column: registrationDateAndPlanRef | GUID: 39e6d170-db35-4ce5-a651-e2a23de0d54c | Row: 2 | Value: Parts of The Royal Free Edged and numbered 4 in blue (part of) | Issue: Does not contain a valid date
2024-09-12 09:52:18,137 - ERROR - Data Type Error in Column: registrationDateAndPlanRef | GUID: b1db94d6-051b-49e5-b655-9fdbe906ea88 | Row: 3 | Value: Gas Governor and Connecting Edged and numbered 3 in blue | Issue: Does not contain a valid date
2024-09-12 09:52:18,137 - ERROR - Data Type Error in Column: lesseesTitle | GUID: 0e21ade4-09bb-4693-a9d1-13b8d02bd612 | Row: 12 | Value: 21.05.2012 | Issue: Pattern Mismatch
2024-09-12 09:52:18,137 - ERROR - Data Type Error in Column: registrationDateAndPlanRef | GUID: 18ff455a-a291-4d66-acbd-a9b932ae7ff1 | Row: 0 | Value: Sheila Sherlock Centre 99 years from | Issue: Does not contain a valid date
2024-09-12 09:52:18,137 - ERROR - Data Type Error in Column: registrationDateAndPlanRef | GUID: 1c8c5832-7565-4cc3-85a8-ffb93f5f097f | Row: 0 | Value: 98 Kensington High Street 99 years (less 3 days) from 14/05/1952 | Issue: Does not contain a valid date
2024-09-12 09:52:18,137 - ERROR - Data Type Error in Column: registrationDateAndPlanRef | GUID: 6cc43ae3-023c-4386-b460-e50cab54050a | Row: 2 | Value: ITEM CANCELLED on 11 October 2016. | Issue: Does not contain a valid date
2024-09-12 09:52:18,138 - ERROR - Data Type Error in Column: registrationDateAndPlanRef | GUID: 6424cce1-ebe3-4ada-b1eb-87660fcb4863 | Row: 0 | Value: land on the south west side tinted blue | Issue: Does not contain a valid date
2024-09-12 09:52:18,138 - ERROR - Data Type Error in Column: lesseesTitle | GUID: 86784f06-61aa-4261-a3a2-dc2068070f2d | Row: 1 | Value: 29.9.1992 | Issue: Pattern Mismatch
2024-09-12 09:52:18,138 - ERROR - Data Type Error in Column: registrationDateAndPlanRef | GUID: 13609853-63f9-4232-bba9-66c114a4f1f0 | Row: 0 | Value: 28 Portland Place 3 | Issue: Does not contain a valid date
2024-09-12 09:52:18,138 - ERROR - Data Type Error in Column: registrationDateAndPlanRef | GUID: 69f512a2-b91f-4018-b204-05dc87e55726 | Row: 1 | Value: 94 (formerly 15) New 7 | Issue: Does not contain a valid date
2024-09-12 09:52:18,138 - ERROR - Data Type Error in Column: lesseesTitle | GUID: 1ce5ee3a-f07b-47d3-bb53-8d6f43441275 | Row: 2 | Value: WYK699915 above | Issue: Pattern Mismatch
2024-09-12 09:52:18,138 - ERROR - Data Type Error in Column: lesseesTitle | GUID: 516059e5-3c8e-4c7d-97a9-1554879f4ea2 | Row: 1 | Value: Not | Issue: Pattern Mismatch
2024-09-12 09:52:18,138 - INFO - Total valid entries: 1656 / 1766
2024-09-12 09:52:18,138 - INFO - Data successfully saved to C:\Users\Daniel Simons\Technical\OrbitalWitnessTechnical\src\..\lease-parser\data\output\structured_lease_data.csv
2024-09-12 09:52:18,156 - INFO - Data successfully saved to C:\Users\Daniel Simons\Technical\OrbitalWitnessTechnical\src\..\lease-parser\data\output\structured_lease_data.json
2024-09-12 09:52:18,156 - INFO - Data has been processed and saved to: C:\Users\Daniel Simons\Technical\OrbitalWitnessTechnical\src\..\lease-parser\data\output\structured_lease_data.json
2024-09-12 09:52:18,156 - INFO - Data has been processed and saved to: C:\Users\Daniel Simons\Technical\OrbitalWitnessTechnical\src\..\lease-parser\data\output\structured_lease_data.json
2024-09-12 09:52:18,156 - INFO - Data has been processed and saved to: C:\Users\Daniel Simons\Technical\OrbitalWitnessTechnical\src\..\lease-parser\data\output\structured_lease_data.csv
2024-09-12 09:52:18,156 - INFO - Data has been processed and saved to: C:\Users\Daniel Simons\Technical\OrbitalWitnessTechnical\src\..\lease-parser\data\output\structured_lease_data.csv
2024-09-12 09:52:18,170 - INFO - 127.0.0.1 - - [12/Sep/2024 09:52:18] "POST /process HTTP/1.1" 200 -
2024-09-12 09:52:41,853 - INFO - Total entries collected: 1766
2024-09-12 09:52:41,881 - INFO - Processing completed, retaining original data structure.
2024-09-12 09:52:41,882 - INFO - Validating data...
2024-09-12 09:52:41,882 - ERROR - Data Type Error in Column: lesseesTitle | GUID: 4ce5c0be-81da-4dac-9190-12a205f86feb | Row: 4 | Value: 01.12.2009 | Issue: Pattern Mismatch
2024-09-12 09:52:41,882 - ERROR - Data Type Error in Column: lesseesTitle | GUID: 76b32f86-efa6-41c3-ab1b-865dbb331466 | Row: 150 | Value: EGL569610 999 years from | Issue: Pattern Mismatch
2024-09-12 09:52:41,882 - ERROR - Data Type Error in Column: lesseesTitle | GUID: 877f5a19-f255-471e-80a3-a7cc82f8eaf8 | Row: 199 | Value: EGL571099 999 years from | Issue: Pattern Mismatch
2024-09-12 09:52:41,882 - ERROR - Data Type Error in Column: lesseesTitle | GUID: 79e413b8-84eb-4e69-a037-d4d55db5b080 | Row: 208 | Value: EGL571566 999 years from | Issue: Pattern Mismatch
2024-09-12 09:52:41,883 - ERROR - Data Type Error in Column: lesseesTitle | GUID: 6ee1d369-c3c0-4b4f-9fcc-3d45740ebf7d | Row: 297 | Value: EGL576442 999 years from | Issue: Pattern Mismatch
2024-09-12 09:52:41,883 - ERROR - Data Type Error in Column: lesseesTitle | GUID: b8c216e5-bdcd-40fc-bdae-e2e7114bb44c | Row: 516 | Value: AGL225090 999 years from | Issue: Pattern Mismatch
2024-09-12 09:52:41,884 - ERROR - Data Type Error in Column: lesseesTitle | GUID: 35e02594-1274-4469-83fe-adc20c663420 | Row: 776 | Value: AGL245854 999 years from | Issue: Pattern Mismatch
2024-09-12 09:52:41,884 - ERROR - Data Type Error in Column: registrationDateAndPlanRef | GUID: f7d29ab5-8288-4bce-9fb3-87de771a08ee | Row: 3 | Value: ITEM CANCELLED on 14 February 2019. | Issue: Does not contain a valid date
2024-09-12 09:52:41,884 - ERROR - Data Type Error in Column: registrationDateAndPlanRef | GUID: 271bb71d-71bc-4587-89a9-e6b2f1b02649 | Row: 4 | Value: ITEM CANCELLED on 22 March 2018. | Issue: Does not contain a valid date
2024-09-12 09:52:41,884 - ERROR - Data Type Error in Column: registrationDateAndPlanRef | GUID: f3f7d585-ac7c-47fc-9fdb-d7435197ac74 | Row: 5 | Value: ITEM CANCELLED on 6 August 2019. | Issue: Does not contain a valid date
2024-09-12 09:52:41,884 - ERROR - Data Type Error in Column: registrationDateAndPlanRef | GUID: a35c1a37-a006-4bd5-9cc6-788e185a231b | Row: 9 | Value: ITEM CANCELLED on 29 July 2019. | Issue: Does not contain a valid date
2024-09-12 09:52:41,884 - ERROR - Data Type Error in Column: registrationDateAndPlanRef | GUID: eb277d6c-a88a-4104-898a-dc219bba7e93 | Row: 10 | Value: ITEM CANCELLED on 11 September 2018. | Issue: Does not contain a valid date
2024-09-12 09:52:41,884 - ERROR - Data Type Error in Column: registrationDateAndPlanRef | GUID: f3be8313-c713-41c2-ae7c-5b2098c55c12 | Row: 11 | Value: ITEM CANCELLED on 11 September 2018. | Issue: Does not contain a valid date
2024-09-12 09:52:41,884 - ERROR - Data Type Error in Column: registrationDateAndPlanRef | GUID: d0e3dea6-c5a8-4145-9377-418789fd22e0 | Row: 15 | Value: ITEM CANCELLED on 12 February 2019. | Issue: Does not contain a valid date
2024-09-12 09:52:41,884 - ERROR - Data Type Error in Column: registrationDateAndPlanRef | GUID: 7d6eef7d-00d6-40ca-8513-ce010b098247 | Row: 21 | Value: ITEM CANCELLED on 22 February 2019. | Issue: Does not contain a valid date
2024-09-12 09:52:41,884 - ERROR - Data Type Error in Column: registrationDateAndPlanRef | GUID: cff7c85a-ab01-4a85-90b3-b7b8661d4a49 | Row: 28 | Value: ITEM CANCELLED on 16 May 2019. | Issue: Does not contain a valid date
2024-09-12 09:52:41,884 - ERROR - Data Type Error in Column: registrationDateAndPlanRef | GUID: c2dbab33-c5b1-46e9-b9aa-dcf21940838f | Row: 32 | Value: ITEM CANCELLED on 6 August 2019. | Issue: Does not contain a valid date
2024-09-12 09:52:41,884 - ERROR - Data Type Error in Column: registrationDateAndPlanRef | GUID: 7b7b2b0e-3fb5-4372-acbb-6dd3b109ca90 | Row: 40 | Value: ITEM CANCELLED on 20 September 2019. | Issue: Does not contain a valid date
2024-09-12 09:52:41,885 - ERROR - Data Type Error in Column: registrationDateAndPlanRef | GUID: dfc3f12e-c5ec-4985-af77-e537233aa978 | Row: 43 | Value: ITEM CANCELLED on 11 July 2019. | Issue: Does not contain a valid date
2024-09-12 09:52:41,885 - ERROR - Data Type Error in Column: registrationDateAndPlanRef | GUID: f32802ed-3c1d-4406-8b71-eaf6bde02459 | Row: 48 | Value: ITEM CANCELLED on 11 October 2018. | Issue: Does not contain a valid date
2024-09-12 09:52:41,885 - ERROR - Data Type Error in Column: registrationDateAndPlanRef | GUID: 5dbe4ec2-a16d-4d95-994f-d244f70cbe57 | Row: 54 | Value: ITEM CANCELLED on 22 October 2018. | Issue: Does not contain a valid date
2024-09-12 09:52:41,885 - ERROR - Data Type Error in Column: registrationDateAndPlanRef | GUID: 0ad7373a-3558-4bb3-bbd4-d58be9e598ff | Row: 77 | Value: ITEM CANCELLED on 21 February 2019. | Issue: Does not contain a valid date
2024-09-12 09:52:41,885 - ERROR - Data Type Error in Column: registrationDateAndPlanRef | GUID: e9132172-857c-4b80-ae3b-f006779ed1d7 | Row: 83 | Value: ITEM CANCELLED on 20 August 2019. | Issue: Does not contain a valid date
2024-09-12 09:52:41,885 - ERROR - Data Type Error in Column: registrationDateAndPlanRef | GUID: a78290d6-a16a-4d6a-a69f-ceaf65bfb816 | Row: 102 | Value: ITEM CANCELLED on 22 July 2019. | Issue: Does not contain a valid date
2024-09-12 09:52:41,885 - ERROR - Data Type Error in Column: registrationDateAndPlanRef | GUID: 90db874a-dbc0-4d70-ae1d-8d4db58a6c5e | Row: 164 | Value: ITEM CANCELLED on 3 September 2018. | Issue: Does not contain a valid date
2024-09-12 09:52:41,885 - ERROR - Data Type Error in Column: registrationDateAndPlanRef | GUID: 82e01ef9-194c-4738-add4-da31fedf357f | Row: 165 | Value: ITEM CANCELLED on 3 September 2018. | Issue: Does not contain a valid date
2024-09-12 09:52:41,885 - ERROR - Data Type Error in Column: registrationDateAndPlanRef | GUID: 31d031fd-3a3d-476e-a842-2cd9ebc4fe6e | Row: 166 | Value: ITEM CANCELLED on 3 September 2018. | Issue: Does not contain a valid date
2024-09-12 09:52:41,885 - ERROR - Data Type Error in Column: registrationDateAndPlanRef | GUID: f36dc620-b7a4-4a08-a5df-eae4f3ce6361 | Row: 167 | Value: ITEM CANCELLED on 3 September 2018. | Issue: Does not contain a valid date
2024-09-12 09:52:41,885 - ERROR - Data Type Error in Column: registrationDateAndPlanRef | GUID: 86145da0-bb58-47c0-9380-d96388a464d8 | Row: 168 | Value: ITEM CANCELLED on 3 September 2018. | Issue: Does not contain a valid date
2024-09-12 09:52:41,885 - ERROR - Data Type Error in Column: registrationDateAndPlanRef | GUID: cf6aa1b3-b058-416a-b4e5-394aa31737d1 | Row: 169 | Value: ITEM CANCELLED on 3 September 2018. | Issue: Does not contain a valid date
2024-09-12 09:52:41,885 - ERROR - Data Type Error in Column: registrationDateAndPlanRef | GUID: 47875fa1-7b39-4b83-8cb7-fd69828360e9 | Row: 170 | Value: ENTRY CANCELLED on 5 February 2019. | Issue: Does not contain a valid date
2024-09-12 09:52:41,885 - ERROR - Data Type Error in Column: registrationDateAndPlanRef | GUID: c9a9ebaa-e36a-4abc-a6c9-85baec99df44 | Row: 171 | Value: ENTRY CANCELLED on 5 February 2019. | Issue: Does not contain a valid date
2024-09-12 09:52:41,885 - ERROR - Data Type Error in Column: registrationDateAndPlanRef | GUID: 48e3b343-4009-47a3-950b-b19e585db97c | Row: 172 | Value: ENTRY CANCELLED on 5 February 2019. | Issue: Does not contain a valid date
2024-09-12 09:52:41,885 - ERROR - Data Type Error in Column: registrationDateAndPlanRef | GUID: 0b0a5f7e-1032-4e70-9973-864644efd9ca | Row: 173 | Value: ENTRY CANCELLED on 5 February 2019. | Issue: Does not contain a valid date
2024-09-12 09:52:41,885 - ERROR - Data Type Error in Column: registrationDateAndPlanRef | GUID: 7e249aba-93d8-474c-adc2-bdd2755e1bd2 | Row: 174 | Value: ENTRY CANCELLED on 5 February 2019. | Issue: Does not contain a valid date
2024-09-12 09:52:41,885 - ERROR - Data Type Error in Column: registrationDateAndPlanRef | GUID: 3ec769b6-1ea9-4d4d-8d23-eb6f6324d9d5 | Row: 175 | Value: ENTRY CANCELLED on 5 February 2019. | Issue: Does not contain a valid date
2024-09-12 09:52:41,886 - ERROR - Data Type Error in Column: registrationDateAndPlanRef | GUID: 2019562b-821a-401a-8193-c709d44ddfea | Row: 2 | Value: The Arena, Phoenix Way Edged and numbered 6 in brown (part of) | Issue: Does not contain a valid date
2024-09-12 09:52:41,886 - ERROR - Data Type Error in Column: lesseesTitle | GUID: d1ae376d-a2b5-48e4-9d07-ce8a58cb351b | Row: 0 | Value: WM882649. | Issue: Pattern Mismatch
2024-09-12 09:52:41,886 - ERROR - Data Type Error in Column: registrationDateAndPlanRef | GUID: 6a46cf65-7e4e-4544-9b9c-fd16b49e7cb5 | Row: 0 | Value: 32a Town Centre, Hatfield numbered 1 in brown (part of) | Issue: Does not contain a valid date
2024-09-12 09:52:41,886 - ERROR - Data Type Error in Column: registrationDateAndPlanRef | GUID: 384aa761-f74f-46f1-afac-e0043bc156a5 | Row: 1 | Value: 30a Town Centre, Hatfield numbered 2 in brown (part of) | Issue: Does not contain a valid date
2024-09-12 09:52:41,886 - ERROR - Data Type Error in Column: registrationDateAndPlanRef | GUID: eaae0d0e-a482-4654-a9b5-2ee3132639ae | Row: 2 | Value: 36a Town Centre, Hatfield numbered 3 in brown (part of) | Issue: Does not contain a valid date
2024-09-12 09:52:41,886 - ERROR - Data Type Error in Column: lesseesTitle | GUID: 31d8fe53-d446-4c2b-a294-f0cf62105899 | Row: 0 | Value: TGL229459 lcony | Issue: Pattern Mismatch
2024-09-12 09:52:41,886 - ERROR - Data Type Error in Column: lesseesTitle | GUID: c844dbc2-206f-4d31-8426-d2caee2a2313 | Row: 1 | Value: TGL230021 lcony | Issue: Pattern Mismatch
2024-09-12 09:52:41,887 - ERROR - Data Type Error in Column: lesseesTitle | GUID: e73c0484-b2aa-494f-86a8-746aacb9bc58 | Row: 2 | Value: TGL230931 lcony | Issue: Pattern Mismatch
2024-09-12 09:52:41,887 - ERROR - Data Type Error in Column: lesseesTitle | GUID: 33d2993b-c459-4c10-8dd5-1ccfb8dc39a4 | Row: 3 | Value: TGL234534 lcony | Issue: Pattern Mismatch
2024-09-12 09:52:41,887 - ERROR - Data Type Error in Column: registrationDateAndPlanRef | GUID: 81744d44-1c01-4365-856d-94ddafb581eb | Row: 7 | Value: ITEM CANCELLED on 10 June 2015. | Issue: Does not contain a valid date
2024-09-12 09:52:41,887 - ERROR - Data Type Error in Column: registrationDateAndPlanRef | GUID: 039d6f32-c568-4218-9288-9002e2671634 | Row: 8 | Value: ITEM CANCELLED on 13 July 2015. | Issue: Does not contain a valid date
2024-09-12 09:52:41,887 - ERROR - Data Type Error in Column: registrationDateAndPlanRef | GUID: 716a2bae-f2bd-47a5-803f-e9031f5eb32c | Row: 9 | Value: ITEM CANCELLED on 23 March 2015. | Issue: Does not contain a valid date
2024-09-12 09:52:41,887 - ERROR - Data Type Error in Column: registrationDateAndPlanRef | GUID: 3960aad6-7dac-4a59-b1f2-171f9e7e1082 | Row: 10 | Value: ITEM CANCELLED on 27 January 2015. | Issue: Does not contain a valid date
2024-09-12 09:52:41,887 - ERROR - Data Type Error in Column: registrationDateAndPlanRef | GUID: ab766cb7-2b79-4744-b0a7-38b98572fec1 | Row: 11 | Value: ITEM CANCELLED on 27 January 2015. | Issue: Does not contain a valid date
2024-09-12 09:52:41,887 - ERROR - Data Type Error in Column: registrationDateAndPlanRef | GUID: 9c214511-9ee8-43d8-aa4f-abf2d3af576c | Row: 12 | Value: ITEM CANCELLED on 10 June 2015. | Issue: Does not contain a valid date
2024-09-12 09:52:41,887 - ERROR - Data Type Error in Column: registrationDateAndPlanRef | GUID: f39fbee7-d6ed-437c-b7e8-cf6315db7499 | Row: 13 | Value: ITEM CANCELLED on 10 June 2015. | Issue: Does not contain a valid date
2024-09-12 09:52:41,887 - ERROR - Data Type Error in Column: registrationDateAndPlanRef | GUID: c1df36fc-7f55-47d8-a701-1399cabaf9d7 | Row: 14 | Value: ITEM CANCELLED on 13 July 2015. | Issue: Does not contain a valid date
2024-09-12 09:52:41,887 - ERROR - Data Type Error in Column: registrationDateAndPlanRef | GUID: 808d8ff8-5b26-46ab-91dc-bc0e9538d51a | Row: 15 | Value: ITEM CANCELLED on 7 October 2015. | Issue: Does not contain a valid date
2024-09-12 09:52:41,887 - ERROR - Data Type Error in Column: registrationDateAndPlanRef | GUID: d1e9edce-d0f9-4708-b377-fc57a58b208a | Row: 16 | Value: ITEM CANCELLED on 7 October 2015. | Issue: Does not contain a valid date
2024-09-12 09:52:41,888 - ERROR - Data Type Error in Column: registrationDateAndPlanRef | GUID: a33e3413-d770-4053-8ffb-becfa79288ba | Row: 17 | Value: ITEM CANCELLED on 28 April 2016. | Issue: Does not contain a valid date
2024-09-12 09:52:41,888 - ERROR - Data Type Error in Column: registrationDateAndPlanRef | GUID: 570d8e7d-c8be-4e80-9eeb-dcfa8096aadb | Row: 18 | Value: ITEM CANCELLED on 28 April 2016. | Issue: Does not contain a valid date
2024-09-12 09:52:41,888 - ERROR - Data Type Error in Column: registrationDateAndPlanRef | GUID: f60c21a5-9db6-4559-8ef7-20bca144a7ba | Row: 19 | Value: ITEM CANCELLED on 28 April 2016. | Issue: Does not contain a valid date
2024-09-12 09:52:41,888 - ERROR - Data Type Error in Column: registrationDateAndPlanRef | GUID: f542d467-0754-4cc9-a9c1-3215cf9fd239 | Row: 20 | Value: ITEM CANCELLED on 10 January 2018. | Issue: Does not contain a valid date
2024-09-12 09:52:41,888 - ERROR - Data Type Error in Column: registrationDateAndPlanRef | GUID: fc71a502-b606-45e3-84a6-8d169f9da469 | Row: 21 | Value: ITEM CANCELLED on 10 January 2018. | Issue: Does not contain a valid date
2024-09-12 09:52:41,888 - ERROR - Data Type Error in Column: registrationDateAndPlanRef | GUID: 65ca99ad-17db-4e5f-bc79-324bb1125988 | Row: 22 | Value: ITEM CANCELLED on 10 January 2018. | Issue: Does not contain a valid date
2024-09-12 09:52:41,888 - ERROR - Data Type Error in Column: registrationDateAndPlanRef | GUID: 60acc400-c1aa-44da-88f9-76be64448099 | Row: 23 | Value: ITEM CANCELLED on 10 January 2018. | Issue: Does not contain a valid date
2024-09-12 09:52:41,888 - ERROR - Data Type Error in Column: registrationDateAndPlanRef | GUID: 764f2515-e9c7-455c-ac1e-abd75a922392 | Row: 24 | Value: ITEM CANCELLED on 10 January 2018. | Issue: Does not contain a valid date
2024-09-12 09:52:41,888 - ERROR - Data Type Error in Column: registrationDateAndPlanRef | GUID: bc4ed8f9-6d65-4095-8adb-8a7528ed8b21 | Row: 25 | Value: ITEM CANCELLED on 10 January 2018. | Issue: Does not contain a valid date
2024-09-12 09:52:41,888 - ERROR - Data Type Error in Column: registrationDateAndPlanRef | GUID: 33415b7e-406b-4c27-bb5c-a2b0e46dbffc | Row: 26 | Value: ITEM CANCELLED on 10 January 2018. | Issue: Does not contain a valid date
2024-09-12 09:52:41,888 - ERROR - Data Type Error in Column: registrationDateAndPlanRef | GUID: 4749d380-a1a2-4d73-9efd-9b844a0d0bcb | Row: 27 | Value: ITEM CANCELLED on 10 January 2018. | Issue: Does not contain a valid date
2024-09-12 09:52:41,888 - ERROR - Data Type Error in Column: registrationDateAndPlanRef | GUID: 22a6a24f-20fb-4a97-9993-09c2fc9594ba | Row: 28 | Value: ITEM CANCELLED on 10 January 2018. | Issue: Does not contain a valid date
2024-09-12 09:52:41,888 - ERROR - Data Type Error in Column: registrationDateAndPlanRef | GUID: 6b53daa1-9c71-47a4-9892-a79aa58260eb | Row: 29 | Value: ITEM CANCELLED on 10 January 2018. | Issue: Does not contain a valid date
2024-09-12 09:52:41,888 - ERROR - Data Type Error in Column: registrationDateAndPlanRef | GUID: b1c81150-30c6-4513-8a1e-3d55ad535ce1 | Row: 30 | Value: ITEM CANCELLED on 10 January 2018. | Issue: Does not contain a valid date
2024-09-12 09:52:41,888 - ERROR - Data Type Error in Column: registrationDateAndPlanRef | GUID: 716e926b-288f-4a78-9735-1cf770fe5e38 | Row: 31 | Value: ITEM CANCELLED on 10 January 2018. | Issue: Does not contain a valid date
2024-09-12 09:52:41,888 - ERROR - Data Type Error in Column: registrationDateAndPlanRef | GUID: 92b5abfa-8067-433a-9706-924583635042 | Row: 32 | Value: ITEM CANCELLED on 10 January 2018. | Issue: Does not contain a valid date
2024-09-12 09:52:41,888 - ERROR - Data Type Error in Column: registrationDateAndPlanRef | GUID: 689a84ba-171a-4e8e-b6de-c160e43db919 | Row: 33 | Value: ITEM CANCELLED on 10 January 2018. | Issue: Does not contain a valid date
2024-09-12 09:52:41,888 - ERROR - Data Type Error in Column: registrationDateAndPlanRef | GUID: 869f2796-d05f-4740-8101-4fada54b3088 | Row: 34 | Value: ITEM CANCELLED on 10 January 2018. | Issue: Does not contain a valid date
2024-09-12 09:52:41,888 - ERROR - Data Type Error in Column: registrationDateAndPlanRef | GUID: 55ba6219-d16b-441c-bc29-2fe2ffc4e5cb | Row: 35 | Value: ITEM CANCELLED on 10 January 2018. | Issue: Does not contain a valid date
2024-09-12 09:52:41,889 - ERROR - Data Type Error in Column: registrationDateAndPlanRef | GUID: cb97a038-49d0-449c-867f-870fb4accf52 | Row: 36 | Value: ITEM CANCELLED on 10 January 2018. | Issue: Does not contain a valid date
2024-09-12 09:52:41,889 - ERROR - Data Type Error in Column: registrationDateAndPlanRef | GUID: 59a09fd7-03c7-41ff-9481-ec75a0874c0d | Row: 37 | Value: ITEM CANCELLED on 10 January 2018. | Issue: Does not contain a valid date
2024-09-12 09:52:41,889 - ERROR - Data Type Error in Column: registrationDateAndPlanRef | GUID: c9ba9734-bfbd-46a7-8886-fecd8be4a60b | Row: 38 | Value: ITEM CANCELLED on 29 July 2016. | Issue: Does not contain a valid date
2024-09-12 09:52:41,889 - ERROR - Data Type Error in Column: registrationDateAndPlanRef | GUID: 5ad82d8d-6959-464b-aec5-53a8fa086ceb | Row: 39 | Value: ITEM CANCELLED on 29 July 2016. | Issue: Does not contain a valid date
2024-09-12 09:52:41,889 - ERROR - Data Type Error in Column: registrationDateAndPlanRef | GUID: 61f447e5-2806-4eda-8382-34bf33013e1f | Row: 41 | Value: ITEM CANCELLED on 4 April 2018. | Issue: Does not contain a valid date
2024-09-12 09:52:41,889 - ERROR - Data Type Error in Column: registrationDateAndPlanRef | GUID: 7555b5fc-45f2-4dff-9480-1deb0943b1b0 | Row: 42 | Value: ITEM CANCELLED on 4 April 2018. | Issue: Does not contain a valid date
2024-09-12 09:52:41,889 - ERROR - Data Type Error in Column: registrationDateAndPlanRef | GUID: d94729eb-1b37-492f-af18-0caa23a43867 | Row: 43 | Value: ITEM CANCELLED on 4 April 2018. | Issue: Does not contain a valid date
2024-09-12 09:52:41,889 - ERROR - Data Type Error in Column: registrationDateAndPlanRef | GUID: 96af1b73-7e2d-42b3-8608-30d7fd51cf22 | Row: 44 | Value: ITEM CANCELLED on 4 April 2018. | Issue: Does not contain a valid date
2024-09-12 09:52:41,889 - ERROR - Data Type Error in Column: registrationDateAndPlanRef | GUID: c942cd96-e425-470b-83b7-a3d2f695ad90 | Row: 45 | Value: ITEM CANCELLED on 4 April 2018. | Issue: Does not contain a valid date
2024-09-12 09:52:41,889 - ERROR - Data Type Error in Column: registrationDateAndPlanRef | GUID: d5ba73fa-656c-474d-94e3-a33968c515f4 | Row: 46 | Value: ITEM CANCELLED on 4 April 2018. | Issue: Does not contain a valid date
2024-09-12 09:52:41,889 - ERROR - Data Type Error in Column: registrationDateAndPlanRef | GUID: ad1f472f-0255-48d6-8a51-a659e925f7d3 | Row: 2 | Value: Low Voltage Electricity Distribution System | Issue: Does not contain a valid date
2024-09-12 09:52:41,889 - ERROR - Data Type Error in Column: lesseesTitle | GUID: 29f87cfb-0d4a-4788-a0ab-60c1c6b5fdea | Row: 68 | Value: 14.08.2014 | Issue: Pattern Mismatch
2024-09-12 09:52:41,889 - ERROR - Data Type Error in Column: registrationDateAndPlanRef | GUID: 64234613-91aa-48c8-a8cb-f3dd6135b154 | Row: 1 | Value: Industrial Dwellings Grotto 3 | Issue: Does not contain a valid date
2024-09-12 09:52:41,889 - ERROR - Data Type Error in Column: registrationDateAndPlanRef | GUID: 7c710229-81e7-48aa-ab71-2dfad8fc7c32 | Row: 2 | Value: Industrial Dwellings Grotto 4, 5 and 6 Buildings and Ashland Place | Issue: Does not contain a valid date
2024-09-12 09:52:41,889 - ERROR - Data Type Error in Column: registrationDateAndPlanRef | GUID: d4198488-14a6-438e-a3db-12d63f05ede2 | Row: 3 | Value: 14 Ossington Buildings 8 | Issue: Does not contain a valid date
2024-09-12 09:52:41,889 - ERROR - Data Type Error in Column: registrationDateAndPlanRef | GUID: ace6bd58-a120-4aa5-bdfa-802e1b5be899 | Row: 4 | Value: 2 and 4 Moxon Street 9 | Issue: Does not contain a valid date
2024-09-12 09:52:41,889 - ERROR - Data Type Error in Column: registrationDateAndPlanRef | GUID: 6153be6e-dedf-4afa-a2af-3285dd2cfba9 | Row: 5 | Value: 16, 18 and 20 Moxon Street 11 | Issue: Does not contain a valid date
2024-09-12 09:52:41,889 - ERROR - Data Type Error in Column: registrationDateAndPlanRef | GUID: 1aaf64e7-d922-4d5d-a1c7-ba317992698d | Row: 6 | Value: 8 Garbutt Place 13 | Issue: Does not contain a valid date
2024-09-12 09:52:41,889 - ERROR - Data Type Error in Column: registrationDateAndPlanRef | GUID: e6d4110e-0ea2-472c-b5e3-778683ce0506 | Row: 7 | Value: 9 Garbutt Place 14 Lease for 82 1/4 years from | Issue: Does not contain a valid date
2024-09-12 09:52:41,891 - ERROR - Data Type Error in Column: registrationDateAndPlanRef | GUID: 2682b524-fb5b-4aeb-86f0-67a73a7d6be4 | Row: 8 | Value: 10 and 11 Garbutt Place 15 | Issue: Does not contain a valid date
2024-09-12 09:52:41,891 - ERROR - Data Type Error in Column: registrationDateAndPlanRef | GUID: 1aa45ff5-a7f2-4a7e-ab8e-67cb6555e51a | Row: 9 | Value: 2a Ashland Place 16 Lease for 80 years from | Issue: Does not contain a valid date
2024-09-12 09:52:41,891 - ERROR - Data Type Error in Column: registrationDateAndPlanRef | GUID: 90ad9c01-dca5-471c-9dcf-e0b73edeb42e | Row: 1 | Value: Telephone Exchange tinted pink | Issue: Does not contain a valid date
2024-09-12 09:52:41,891 - ERROR - Data Type Error in Column: registrationDateAndPlanRef | GUID: 2e2056af-7194-412c-8bb1-1547b61ebf1e | Row: 0 | Value: An Electricity Sub-Station Edged and numbered 1 in blue | Issue: Does not contain a valid date
2024-09-12 09:52:41,891 - ERROR - Data Type Error in Column: registrationDateAndPlanRef | GUID: 4fa7f2ae-782b-4af0-90f0-30763eac729a | Row: 1 | Value: An Electricity Sub-Station Edged and numbered 2 in blue | Issue: Does not contain a valid date
2024-09-12 09:52:41,891 - ERROR - Data Type Error in Column: registrationDateAndPlanRef | GUID: a4b07138-2237-447f-b034-32adb01f0c97 | Row: 2 | Value: Parts of The Royal Free Edged and numbered 4 in blue (part of) | Issue: Does not contain a valid date
2024-09-12 09:52:41,891 - ERROR - Data Type Error in Column: registrationDateAndPlanRef | GUID: 0fd5fd7d-4893-4dda-b09c-367b78a9090b | Row: 3 | Value: Gas Governor and Connecting Edged and numbered 3 in blue | Issue: Does not contain a valid date
2024-09-12 09:52:41,891 - ERROR - Data Type Error in Column: lesseesTitle | GUID: 3e8f079b-29da-45c6-a7a0-40c9d9b3bed2 | Row: 12 | Value: 21.05.2012 | Issue: Pattern Mismatch
2024-09-12 09:52:41,891 - ERROR - Data Type Error in Column: registrationDateAndPlanRef | GUID: 58cf7cdf-bce6-42cf-b2ee-b6d9a98814fa | Row: 0 | Value: Sheila Sherlock Centre 99 years from | Issue: Does not contain a valid date
2024-09-12 09:52:41,892 - ERROR - Data Type Error in Column: registrationDateAndPlanRef | GUID: e99673a8-1c32-42f0-8c68-033a0f19665c | Row: 0 | Value: 98 Kensington High Street 99 years (less 3 days) from 14/05/1952 | Issue: Does not contain a valid date
2024-09-12 09:52:41,892 - ERROR - Data Type Error in Column: registrationDateAndPlanRef | GUID: 737a210b-80e8-4795-a152-6676d2ac1bad | Row: 2 | Value: ITEM CANCELLED on 11 October 2016. | Issue: Does not contain a valid date
2024-09-12 09:52:41,892 - ERROR - Data Type Error in Column: registrationDateAndPlanRef | GUID: 38afba21-4e71-405d-876e-07cc84ec1dc9 | Row: 0 | Value: land on the south west side tinted blue | Issue: Does not contain a valid date
2024-09-12 09:52:41,892 - ERROR - Data Type Error in Column: lesseesTitle | GUID: e8f7e122-cb44-40a2-b132-0e591f9e7929 | Row: 1 | Value: 29.9.1992 | Issue: Pattern Mismatch
2024-09-12 09:52:41,892 - ERROR - Data Type Error in Column: registrationDateAndPlanRef | GUID: 567b0ae6-36c8-4d23-b19e-75a357871026 | Row: 0 | Value: 28 Portland Place 3 | Issue: Does not contain a valid date
2024-09-12 09:52:41,892 - ERROR - Data Type Error in Column: registrationDateAndPlanRef | GUID: 910d7f10-2c0b-4a90-b4b7-cd903ee7d52e | Row: 1 | Value: 94 (formerly 15) New 7 | Issue: Does not contain a valid date
2024-09-12 09:52:41,892 - ERROR - Data Type Error in Column: lesseesTitle | GUID: 1a29929f-0cb5-4615-bf5d-9d481140794f | Row: 2 | Value: WYK699915 above | Issue: Pattern Mismatch
2024-09-12 09:52:41,892 - ERROR - Data Type Error in Column: lesseesTitle | GUID: 7ed1def0-b519-4ccc-8870-d1b9fb167130 | Row: 1 | Value: Not | Issue: Pattern Mismatch
2024-09-12 09:52:41,892 - INFO - Total valid entries: 1656 / 1766
2024-09-12 09:52:41,893 - INFO - Data successfully saved to C:\Users\Daniel Simons\Technical\OrbitalWitnessTechnical\src\..\lease-parser\data\output\structured_lease_data.csv
2024-09-12 09:52:41,911 - INFO - Data successfully saved to C:\Users\Daniel Simons\Technical\OrbitalWitnessTechnical\src\..\lease-parser\data\output\structured_lease_data.json
2024-09-12 09:52:41,911 - INFO - Data has been processed and saved to: C:\Users\Daniel Simons\Technical\OrbitalWitnessTechnical\src\..\lease-parser\data\output\structured_lease_data.json
2024-09-12 09:52:41,911 - INFO - Data has been processed and saved to: C:\Users\Daniel Simons\Technical\OrbitalWitnessTechnical\src\..\lease-parser\data\output\structured_lease_data.json
2024-09-12 09:52:41,911 - INFO - Data has been processed and saved to: C:\Users\Daniel Simons\Technical\OrbitalWitnessTechnical\src\..\lease-parser\data\output\structured_lease_data.csv
2024-09-12 09:52:41,911 - INFO - Data has been processed and saved to: C:\Users\Daniel Simons\Technical\OrbitalWitnessTechnical\src\..\lease-parser\data\output\structured_lease_data.csv
2024-09-12 09:52:41,924 - INFO - 127.0.0.1 - - [12/Sep/2024 09:52:41] "POST /process HTTP/1.1" 200 -
